<?xml version="1.0" encoding="UTF-8"?>
<!-- Generated by org.testng.reporters.JUnitReportReporter -->
<testsuite hostname="DESKTOP-5874SPL" failures="0" tests="1" name="com.obsquara.testscripts.CheckBoxTest" time="58.633" errors="1" timestamp="2023-03-12T22:47:31 IST" skipped="0">
  <testcase classname="com.obsquara.testscripts.CheckBoxTest" name="verifyCheckBoxDemo" time="58.633">
    <error type="java.lang.StackOverflowError">
      <![CDATA[java.lang.StackOverflowError
at org.openqa.selenium.SharedCapabilitiesMethods.abbreviate(SharedCapabilitiesMethods.java:105)
at org.openqa.selenium.SharedCapabilitiesMethods.toString(SharedCapabilitiesMethods.java:78)
at org.openqa.selenium.ImmutableCapabilities.toString(ImmutableCapabilities.java:195)
at org.openqa.selenium.remote.RemoteWebDriver.populateWebDriverException(RemoteWebDriver.java:597)
at org.openqa.selenium.remote.RemoteWebDriver.execute(RemoteWebDriver.java:574)
at org.openqa.selenium.remote.ElementLocation$ElementFinder$2.findElement(ElementLocation.java:162)
at org.openqa.selenium.remote.ElementLocation.findElement(ElementLocation.java:60)
at org.openqa.selenium.remote.RemoteWebDriver.findElement(RemoteWebDriver.java:365)
at org.openqa.selenium.remote.RemoteWebDriver.findElement(RemoteWebDriver.java:357)
at com.obsquara.pages.CheckBoxDemoPage.clickCheckBoxDemoElement(CheckBoxDemoPage.java:24)
at com.obsquara.pages.CheckBoxDemoPage.clickCheckBoxDemoElement(CheckBoxDemoPage.java:25)
at com.obsquara.pages.CheckBoxDemoPage.clickCheckBoxDemoElement(CheckBoxDemoPage.java:25)
at com.obsquara.pages.CheckBoxDemoPage.clickCheckBoxDemoElement(CheckBoxDemoPage.java:25)
at com.obsquara.pages.CheckBoxDemoPage.clickCheckBoxDemoElement(CheckBoxDemoPage.java:25)
at com.obsquara.pages.CheckBoxDemoPage.clickCheckBoxDemoElement(CheckBoxDemoPage.java:25)
at com.obsquara.pages.CheckBoxDemoPage.clickCheckBoxDemoElement(CheckBoxDemoPage.java:25)
at com.obsquara.pages.CheckBoxDemoPage.clickCheckBoxDemoElement(CheckBoxDemoPage.java:25)
at com.obsquara.pages.CheckBoxDemoPage.clickCheckBoxDemoElement(CheckBoxDemoPage.java:25)
at com.obsquara.pages.CheckBoxDemoPage.clickCheckBoxDemoElement(CheckBoxDemoPage.java:25)
at com.obsquara.pages.CheckBoxDemoPage.clickCheckBoxDemoElement(CheckBoxDemoPage.java:25)
at com.obsquara.pages.CheckBoxDemoPage.clickCheckBoxDemoElement(CheckBoxDemoPage.java:25)
at com.obsquara.pages.CheckBoxDemoPage.clickCheckBoxDemoElement(CheckBoxDemoPage.java:25)
at com.obsquara.pages.CheckBoxDemoPage.clickCheckBoxDemoElement(CheckBoxDemoPage.java:25)
at com.obsquara.pages.CheckBoxDemoPage.clickCheckBoxDemoElement(CheckBoxDemoPage.java:25)
at com.obsquara.pages.CheckBoxDemoPage.clickCheckBoxDemoElement(CheckBoxDemoPage.java:25)
at com.obsquara.pages.CheckBoxDemoPage.clickCheckBoxDemoElement(CheckBoxDemoPage.java:25)
at com.obsquara.pages.CheckBoxDemoPage.clickCheckBoxDemoElement(CheckBoxDemoPage.java:25)
at com.obsquara.pages.CheckBoxDemoPage.clickCheckBoxDemoElement(CheckBoxDemoPage.java:25)
at com.obsquara.pages.CheckBoxDemoPage.clickCheckBoxDemoElement(CheckBoxDemoPage.java:25)
at com.obsquara.pages.CheckBoxDemoPage.clickCheckBoxDemoElement(CheckBoxDemoPage.java:25)
at com.obsquara.pages.CheckBoxDemoPage.clickCheckBoxDemoElement(CheckBoxDemoPage.java:25)
at com.obsquara.pages.CheckBoxDemoPage.clickCheckBoxDemoElement(CheckBoxDemoPage.java:25)
at com.obsquara.pages.CheckBoxDemoPage.clickCheckBoxDemoElement(CheckBoxDemoPage.java:25)
at com.obsquara.pages.CheckBoxDemoPage.clickCheckBoxDemoElement(CheckBoxDemoPage.java:25)
at com.obsquara.pages.CheckBoxDemoPage.clickCheckBoxDemoElement(CheckBoxDemoPage.java:25)
at com.obsquara.pages.CheckBoxDemoPage.clickCheckBoxDemoElement(CheckBoxDemoPage.java:25)
at com.obsquara.pages.CheckBoxDemoPage.clickCheckBoxDemoElement(CheckBoxDemoPage.java:25)
at com.obsquara.pages.CheckBoxDemoPage.clickCheckBoxDemoElement(CheckBoxDemoPage.java:25)
at com.obsquara.pages.CheckBoxDemoPage.clickCheckBoxDemoElement(CheckBoxDemoPage.java:25)
at com.obsquara.pages.CheckBoxDemoPage.clickCheckBoxDemoElement(CheckBoxDemoPage.java:25)
at com.obsquara.pages.CheckBoxDemoPage.clickCheckBoxDemoElement(CheckBoxDemoPage.java:25)
at com.obsquara.pages.CheckBoxDemoPage.clickCheckBoxDemoElement(CheckBoxDemoPage.java:25)
at com.obsquara.pages.CheckBoxDemoPage.clickCheckBoxDemoElement(CheckBoxDemoPage.java:25)
at com.obsquara.pages.CheckBoxDemoPage.clickCheckBoxDemoElement(CheckBoxDemoPage.java:25)
at com.obsquara.pages.CheckBoxDemoPage.clickCheckBoxDemoElement(CheckBoxDemoPage.java:25)
at com.obsquara.pages.CheckBoxDemoPage.clickCheckBoxDemoElement(CheckBoxDemoPage.java:25)
at com.obsquara.pages.CheckBoxDemoPage.clickCheckBoxDemoElement(CheckBoxDemoPage.java:25)
at com.obsquara.pages.CheckBoxDemoPage.clickCheckBoxDemoElement(CheckBoxDemoPage.java:25)
at com.obsquara.pages.CheckBoxDemoPage.clickCheckBoxDemoElement(CheckBoxDemoPage.java:25)
at com.obsquara.pages.CheckBoxDemoPage.clickCheckBoxDemoElement(CheckBoxDemoPage.java:25)
at com.obsquara.pages.CheckBoxDemoPage.clickCheckBoxDemoElement(CheckBoxDemoPage.java:25)
at com.obsquara.pages.CheckBoxDemoPage.clickCheckBoxDemoElement(CheckBoxDemoPage.java:25)
at com.obsquara.pages.CheckBoxDemoPage.clickCheckBoxDemoElement(CheckBoxDemoPage.java:25)
at com.obsquara.pages.CheckBoxDemoPage.clickCheckBoxDemoElement(CheckBoxDemoPage.java:25)
at com.obsquara.pages.CheckBoxDemoPage.clickCheckBoxDemoElement(CheckBoxDemoPage.java:25)
at com.obsquara.pages.CheckBoxDemoPage.clickCheckBoxDemoElement(CheckBoxDemoPage.java:25)
at com.obsquara.pages.CheckBoxDemoPage.clickCheckBoxDemoElement(CheckBoxDemoPage.java:25)
at com.obsquara.pages.CheckBoxDemoPage.clickCheckBoxDemoElement(CheckBoxDemoPage.java:25)
at com.obsquara.pages.CheckBoxDemoPage.clickCheckBoxDemoElement(CheckBoxDemoPage.java:25)
at com.obsquara.pages.CheckBoxDemoPage.clickCheckBoxDemoElement(CheckBoxDemoPage.java:25)
at com.obsquara.pages.CheckBoxDemoPage.clickCheckBoxDemoElement(CheckBoxDemoPage.java:25)
at com.obsquara.pages.CheckBoxDemoPage.clickCheckBoxDemoElement(CheckBoxDemoPage.java:25)
at com.obsquara.pages.CheckBoxDemoPage.clickCheckBoxDemoElement(CheckBoxDemoPage.java:25)
at com.obsquara.pages.CheckBoxDemoPage.clickCheckBoxDemoElement(CheckBoxDemoPage.java:25)
at com.obsquara.pages.CheckBoxDemoPage.clickCheckBoxDemoElement(CheckBoxDemoPage.java:25)
at com.obsquara.pages.CheckBoxDemoPage.clickCheckBoxDemoElement(CheckBoxDemoPage.java:25)
at com.obsquara.pages.CheckBoxDemoPage.clickCheckBoxDemoElement(CheckBoxDemoPage.java:25)
at com.obsquara.pages.CheckBoxDemoPage.clickCheckBoxDemoElement(CheckBoxDemoPage.java:25)
at com.obsquara.pages.CheckBoxDemoPage.clickCheckBoxDemoElement(CheckBoxDemoPage.java:25)
at com.obsquara.pages.CheckBoxDemoPage.clickCheckBoxDemoElement(CheckBoxDemoPage.java:25)
at com.obsquara.pages.CheckBoxDemoPage.clickCheckBoxDemoElement(CheckBoxDemoPage.java:25)
at com.obsquara.pages.CheckBoxDemoPage.clickCheckBoxDemoElement(CheckBoxDemoPage.java:25)
at com.obsquara.pages.CheckBoxDemoPage.clickCheckBoxDemoElement(CheckBoxDemoPage.java:25)
at com.obsquara.pages.CheckBoxDemoPage.clickCheckBoxDemoElement(CheckBoxDemoPage.java:25)
at com.obsquara.pages.CheckBoxDemoPage.clickCheckBoxDemoElement(CheckBoxDemoPage.java:25)
at com.obsquara.pages.CheckBoxDemoPage.clickCheckBoxDemoElement(CheckBoxDemoPage.java:25)
at com.obsquara.pages.CheckBoxDemoPage.clickCheckBoxDemoElement(CheckBoxDemoPage.java:25)
at com.obsquara.pages.CheckBoxDemoPage.clickCheckBoxDemoElement(CheckBoxDemoPage.java:25)
at com.obsquara.pages.CheckBoxDemoPage.clickCheckBoxDemoElement(CheckBoxDemoPage.java:25)
at com.obsquara.pages.CheckBoxDemoPage.clickCheckBoxDemoElement(CheckBoxDemoPage.java:25)
at com.obsquara.pages.CheckBoxDemoPage.clickCheckBoxDemoElement(CheckBoxDemoPage.java:25)
at com.obsquara.pages.CheckBoxDemoPage.clickCheckBoxDemoElement(CheckBoxDemoPage.java:25)
at com.obsquara.pages.CheckBoxDemoPage.clickCheckBoxDemoElement(CheckBoxDemoPage.java:25)
at com.obsquara.pages.CheckBoxDemoPage.clickCheckBoxDemoElement(CheckBoxDemoPage.java:25)
at com.obsquara.pages.CheckBoxDemoPage.clickCheckBoxDemoElement(CheckBoxDemoPage.java:25)
at com.obsquara.pages.CheckBoxDemoPage.clickCheckBoxDemoElement(CheckBoxDemoPage.java:25)
at com.obsquara.pages.CheckBoxDemoPage.clickCheckBoxDemoElement(CheckBoxDemoPage.java:25)
at com.obsquara.pages.CheckBoxDemoPage.clickCheckBoxDemoElement(CheckBoxDemoPage.java:25)
at com.obsquara.pages.CheckBoxDemoPage.clickCheckBoxDemoElement(CheckBoxDemoPage.java:25)
at com.obsquara.pages.CheckBoxDemoPage.clickCheckBoxDemoElement(CheckBoxDemoPage.java:25)
at com.obsquara.pages.CheckBoxDemoPage.clickCheckBoxDemoElement(CheckBoxDemoPage.java:25)
at com.obsquara.pages.CheckBoxDemoPage.clickCheckBoxDemoElement(CheckBoxDemoPage.java:25)
at com.obsquara.pages.CheckBoxDemoPage.clickCheckBoxDemoElement(CheckBoxDemoPage.java:25)
at com.obsquara.pages.CheckBoxDemoPage.clickCheckBoxDemoElement(CheckBoxDemoPage.java:25)
at com.obsquara.pages.CheckBoxDemoPage.clickCheckBoxDemoElement(CheckBoxDemoPage.java:25)
at com.obsquara.pages.CheckBoxDemoPage.clickCheckBoxDemoElement(CheckBoxDemoPage.java:25)
at com.obsquara.pages.CheckBoxDemoPage.clickCheckBoxDemoElement(CheckBoxDemoPage.java:25)
at com.obsquara.pages.CheckBoxDemoPage.clickCheckBoxDemoElement(CheckBoxDemoPage.java:25)
at com.obsquara.pages.CheckBoxDemoPage.clickCheckBoxDemoElement(CheckBoxDemoPage.java:25)
at com.obsquara.pages.CheckBoxDemoPage.clickCheckBoxDemoElement(CheckBoxDemoPage.java:25)
at com.obsquara.pages.CheckBoxDemoPage.clickCheckBoxDemoElement(CheckBoxDemoPage.java:25)
at com.obsquara.pages.CheckBoxDemoPage.clickCheckBoxDemoElement(CheckBoxDemoPage.java:25)
at com.obsquara.pages.CheckBoxDemoPage.clickCheckBoxDemoElement(CheckBoxDemoPage.java:25)
at com.obsquara.pages.CheckBoxDemoPage.clickCheckBoxDemoElement(CheckBoxDemoPage.java:25)
at com.obsquara.pages.CheckBoxDemoPage.clickCheckBoxDemoElement(CheckBoxDemoPage.java:25)
at com.obsquara.pages.CheckBoxDemoPage.clickCheckBoxDemoElement(CheckBoxDemoPage.java:25)
at com.obsquara.pages.CheckBoxDemoPage.clickCheckBoxDemoElement(CheckBoxDemoPage.java:25)
at com.obsquara.pages.CheckBoxDemoPage.clickCheckBoxDemoElement(CheckBoxDemoPage.java:25)
at com.obsquara.pages.CheckBoxDemoPage.clickCheckBoxDemoElement(CheckBoxDemoPage.java:25)
at com.obsquara.pages.CheckBoxDemoPage.clickCheckBoxDemoElement(CheckBoxDemoPage.java:25)
at com.obsquara.pages.CheckBoxDemoPage.clickCheckBoxDemoElement(CheckBoxDemoPage.java:25)
at com.obsquara.pages.CheckBoxDemoPage.clickCheckBoxDemoElement(CheckBoxDemoPage.java:25)
at com.obsquara.pages.CheckBoxDemoPage.clickCheckBoxDemoElement(CheckBoxDemoPage.java:25)
at com.obsquara.pages.CheckBoxDemoPage.clickCheckBoxDemoElement(CheckBoxDemoPage.java:25)
at com.obsquara.pages.CheckBoxDemoPage.clickCheckBoxDemoElement(CheckBoxDemoPage.java:25)
at com.obsquara.pages.CheckBoxDemoPage.clickCheckBoxDemoElement(CheckBoxDemoPage.java:25)
at com.obsquara.pages.CheckBoxDemoPage.clickCheckBoxDemoElement(CheckBoxDemoPage.java:25)
at com.obsquara.pages.CheckBoxDemoPage.clickCheckBoxDemoElement(CheckBoxDemoPage.java:25)
at com.obsquara.pages.CheckBoxDemoPage.clickCheckBoxDemoElement(CheckBoxDemoPage.java:25)
at com.obsquara.pages.CheckBoxDemoPage.clickCheckBoxDemoElement(CheckBoxDemoPage.java:25)
at com.obsquara.pages.CheckBoxDemoPage.clickCheckBoxDemoElement(CheckBoxDemoPage.java:25)
at com.obsquara.pages.CheckBoxDemoPage.clickCheckBoxDemoElement(CheckBoxDemoPage.java:25)
at com.obsquara.pages.CheckBoxDemoPage.clickCheckBoxDemoElement(CheckBoxDemoPage.java:25)
at com.obsquara.pages.CheckBoxDemoPage.clickCheckBoxDemoElement(CheckBoxDemoPage.java:25)
at com.obsquara.pages.CheckBoxDemoPage.clickCheckBoxDemoElement(CheckBoxDemoPage.java:25)
at com.obsquara.pages.CheckBoxDemoPage.clickCheckBoxDemoElement(CheckBoxDemoPage.java:25)
at com.obsquara.pages.CheckBoxDemoPage.clickCheckBoxDemoElement(CheckBoxDemoPage.java:25)
at com.obsquara.pages.CheckBoxDemoPage.clickCheckBoxDemoElement(CheckBoxDemoPage.java:25)
at com.obsquara.pages.CheckBoxDemoPage.clickCheckBoxDemoElement(CheckBoxDemoPage.java:25)
at com.obsquara.pages.CheckBoxDemoPage.clickCheckBoxDemoElement(CheckBoxDemoPage.java:25)
at com.obsquara.pages.CheckBoxDemoPage.clickCheckBoxDemoElement(CheckBoxDemoPage.java:25)
at com.obsquara.pages.CheckBoxDemoPage.clickCheckBoxDemoElement(CheckBoxDemoPage.java:25)
at com.obsquara.pages.CheckBoxDemoPage.clickCheckBoxDemoElement(CheckBoxDemoPage.java:25)
at com.obsquara.pages.CheckBoxDemoPage.clickCheckBoxDemoElement(CheckBoxDemoPage.java:25)
at com.obsquara.pages.CheckBoxDemoPage.clickCheckBoxDemoElement(CheckBoxDemoPage.java:25)
at com.obsquara.pages.CheckBoxDemoPage.clickCheckBoxDemoElement(CheckBoxDemoPage.java:25)
at com.obsquara.pages.CheckBoxDemoPage.clickCheckBoxDemoElement(CheckBoxDemoPage.java:25)
at com.obsquara.pages.CheckBoxDemoPage.clickCheckBoxDemoElement(CheckBoxDemoPage.java:25)
at com.obsquara.pages.CheckBoxDemoPage.clickCheckBoxDemoElement(CheckBoxDemoPage.java:25)
at com.obsquara.pages.CheckBoxDemoPage.clickCheckBoxDemoElement(CheckBoxDemoPage.java:25)
at com.obsquara.pages.CheckBoxDemoPage.clickCheckBoxDemoElement(CheckBoxDemoPage.java:25)
at com.obsquara.pages.CheckBoxDemoPage.clickCheckBoxDemoElement(CheckBoxDemoPage.java:25)
at com.obsquara.pages.CheckBoxDemoPage.clickCheckBoxDemoElement(CheckBoxDemoPage.java:25)
at com.obsquara.pages.CheckBoxDemoPage.clickCheckBoxDemoElement(CheckBoxDemoPage.java:25)
at com.obsquara.pages.CheckBoxDemoPage.clickCheckBoxDemoElement(CheckBoxDemoPage.java:25)
at com.obsquara.pages.CheckBoxDemoPage.clickCheckBoxDemoElement(CheckBoxDemoPage.java:25)
at com.obsquara.pages.CheckBoxDemoPage.clickCheckBoxDemoElement(CheckBoxDemoPage.java:25)
at com.obsquara.pages.CheckBoxDemoPage.clickCheckBoxDemoElement(CheckBoxDemoPage.java:25)
at com.obsquara.pages.CheckBoxDemoPage.clickCheckBoxDemoElement(CheckBoxDemoPage.java:25)
at com.obsquara.pages.CheckBoxDemoPage.clickCheckBoxDemoElement(CheckBoxDemoPage.java:25)
at com.obsquara.pages.CheckBoxDemoPage.clickCheckBoxDemoElement(CheckBoxDemoPage.java:25)
at com.obsquara.pages.CheckBoxDemoPage.clickCheckBoxDemoElement(CheckBoxDemoPage.java:25)
at com.obsquara.pages.CheckBoxDemoPage.clickCheckBoxDemoElement(CheckBoxDemoPage.java:25)
at com.obsquara.pages.CheckBoxDemoPage.clickCheckBoxDemoElement(CheckBoxDemoPage.java:25)
at com.obsquara.pages.CheckBoxDemoPage.clickCheckBoxDemoElement(CheckBoxDemoPage.java:25)
at com.obsquara.pages.CheckBoxDemoPage.clickCheckBoxDemoElement(CheckBoxDemoPage.java:25)
at com.obsquara.pages.CheckBoxDemoPage.clickCheckBoxDemoElement(CheckBoxDemoPage.java:25)
at com.obsquara.pages.CheckBoxDemoPage.clickCheckBoxDemoElement(CheckBoxDemoPage.java:25)
at com.obsquara.pages.CheckBoxDemoPage.clickCheckBoxDemoElement(CheckBoxDemoPage.java:25)
at com.obsquara.pages.CheckBoxDemoPage.clickCheckBoxDemoElement(CheckBoxDemoPage.java:25)
at com.obsquara.pages.CheckBoxDemoPage.clickCheckBoxDemoElement(CheckBoxDemoPage.java:25)
at com.obsquara.pages.CheckBoxDemoPage.clickCheckBoxDemoElement(CheckBoxDemoPage.java:25)
at com.obsquara.pages.CheckBoxDemoPage.clickCheckBoxDemoElement(CheckBoxDemoPage.java:25)
at com.obsquara.pages.CheckBoxDemoPage.clickCheckBoxDemoElement(CheckBoxDemoPage.java:25)
at com.obsquara.pages.CheckBoxDemoPage.clickCheckBoxDemoElement(CheckBoxDemoPage.java:25)
at com.obsquara.pages.CheckBoxDemoPage.clickCheckBoxDemoElement(CheckBoxDemoPage.java:25)
at com.obsquara.pages.CheckBoxDemoPage.clickCheckBoxDemoElement(CheckBoxDemoPage.java:25)
at com.obsquara.pages.CheckBoxDemoPage.clickCheckBoxDemoElement(CheckBoxDemoPage.java:25)
at com.obsquara.pages.CheckBoxDemoPage.clickCheckBoxDemoElement(CheckBoxDemoPage.java:25)
at com.obsquara.pages.CheckBoxDemoPage.clickCheckBoxDemoElement(CheckBoxDemoPage.java:25)
at com.obsquara.pages.CheckBoxDemoPage.clickCheckBoxDemoElement(CheckBoxDemoPage.java:25)
at com.obsquara.pages.CheckBoxDemoPage.clickCheckBoxDemoElement(CheckBoxDemoPage.java:25)
at com.obsquara.pages.CheckBoxDemoPage.clickCheckBoxDemoElement(CheckBoxDemoPage.java:25)
at com.obsquara.pages.CheckBoxDemoPage.clickCheckBoxDemoElement(CheckBoxDemoPage.java:25)
at com.obsquara.pages.CheckBoxDemoPage.clickCheckBoxDemoElement(CheckBoxDemoPage.java:25)
at com.obsquara.pages.CheckBoxDemoPage.clickCheckBoxDemoElement(CheckBoxDemoPage.java:25)
at com.obsquara.pages.CheckBoxDemoPage.clickCheckBoxDemoElement(CheckBoxDemoPage.java:25)
at com.obsquara.pages.CheckBoxDemoPage.clickCheckBoxDemoElement(CheckBoxDemoPage.java:25)
at com.obsquara.pages.CheckBoxDemoPage.clickCheckBoxDemoElement(CheckBoxDemoPage.java:25)
at com.obsquara.pages.CheckBoxDemoPage.clickCheckBoxDemoElement(CheckBoxDemoPage.java:25)
at com.obsquara.pages.CheckBoxDemoPage.clickCheckBoxDemoElement(CheckBoxDemoPage.java:25)
at com.obsquara.pages.CheckBoxDemoPage.clickCheckBoxDemoElement(CheckBoxDemoPage.java:25)
at com.obsquara.pages.CheckBoxDemoPage.clickCheckBoxDemoElement(CheckBoxDemoPage.java:25)
at com.obsquara.pages.CheckBoxDemoPage.clickCheckBoxDemoElement(CheckBoxDemoPage.java:25)
at com.obsquara.pages.CheckBoxDemoPage.clickCheckBoxDemoElement(CheckBoxDemoPage.java:25)
at com.obsquara.pages.CheckBoxDemoPage.clickCheckBoxDemoElement(CheckBoxDemoPage.java:25)
at com.obsquara.pages.CheckBoxDemoPage.clickCheckBoxDemoElement(CheckBoxDemoPage.java:25)
at com.obsquara.pages.CheckBoxDemoPage.clickCheckBoxDemoElement(CheckBoxDemoPage.java:25)
at com.obsquara.pages.CheckBoxDemoPage.clickCheckBoxDemoElement(CheckBoxDemoPage.java:25)
at com.obsquara.pages.CheckBoxDemoPage.clickCheckBoxDemoElement(CheckBoxDemoPage.java:25)
at com.obsquara.pages.CheckBoxDemoPage.clickCheckBoxDemoElement(CheckBoxDemoPage.java:25)
at com.obsquara.pages.CheckBoxDemoPage.clickCheckBoxDemoElement(CheckBoxDemoPage.java:25)
at com.obsquara.pages.CheckBoxDemoPage.clickCheckBoxDemoElement(CheckBoxDemoPage.java:25)
at com.obsquara.pages.CheckBoxDemoPage.clickCheckBoxDemoElement(CheckBoxDemoPage.java:25)
at com.obsquara.pages.CheckBoxDemoPage.clickCheckBoxDemoElement(CheckBoxDemoPage.java:25)
at com.obsquara.pages.CheckBoxDemoPage.clickCheckBoxDemoElement(CheckBoxDemoPage.java:25)
at com.obsquara.pages.CheckBoxDemoPage.clickCheckBoxDemoElement(CheckBoxDemoPage.java:25)
at com.obsquara.pages.CheckBoxDemoPage.clickCheckBoxDemoElement(CheckBoxDemoPage.java:25)
at com.obsquara.pages.CheckBoxDemoPage.clickCheckBoxDemoElement(CheckBoxDemoPage.java:25)
at com.obsquara.pages.CheckBoxDemoPage.clickCheckBoxDemoElement(CheckBoxDemoPage.java:25)
at com.obsquara.pages.CheckBoxDemoPage.clickCheckBoxDemoElement(CheckBoxDemoPage.java:25)
at com.obsquara.pages.CheckBoxDemoPage.clickCheckBoxDemoElement(CheckBoxDemoPage.java:25)
at com.obsquara.pages.CheckBoxDemoPage.clickCheckBoxDemoElement(CheckBoxDemoPage.java:25)
at com.obsquara.pages.CheckBoxDemoPage.clickCheckBoxDemoElement(CheckBoxDemoPage.java:25)
at com.obsquara.pages.CheckBoxDemoPage.clickCheckBoxDemoElement(CheckBoxDemoPage.java:25)
at com.obsquara.pages.CheckBoxDemoPage.clickCheckBoxDemoElement(CheckBoxDemoPage.java:25)
at com.obsquara.pages.CheckBoxDemoPage.clickCheckBoxDemoElement(CheckBoxDemoPage.java:25)
at com.obsquara.pages.CheckBoxDemoPage.clickCheckBoxDemoElement(CheckBoxDemoPage.java:25)
at com.obsquara.pages.CheckBoxDemoPage.clickCheckBoxDemoElement(CheckBoxDemoPage.java:25)
at com.obsquara.pages.CheckBoxDemoPage.clickCheckBoxDemoElement(CheckBoxDemoPage.java:25)
at com.obsquara.pages.CheckBoxDemoPage.clickCheckBoxDemoElement(CheckBoxDemoPage.java:25)
at com.obsquara.pages.CheckBoxDemoPage.clickCheckBoxDemoElement(CheckBoxDemoPage.java:25)
at com.obsquara.pages.CheckBoxDemoPage.clickCheckBoxDemoElement(CheckBoxDemoPage.java:25)
at com.obsquara.pages.CheckBoxDemoPage.clickCheckBoxDemoElement(CheckBoxDemoPage.java:25)
at com.obsquara.pages.CheckBoxDemoPage.clickCheckBoxDemoElement(CheckBoxDemoPage.java:25)
at com.obsquara.pages.CheckBoxDemoPage.clickCheckBoxDemoElement(CheckBoxDemoPage.java:25)
at com.obsquara.pages.CheckBoxDemoPage.clickCheckBoxDemoElement(CheckBoxDemoPage.java:25)
at com.obsquara.pages.CheckBoxDemoPage.clickCheckBoxDemoElement(CheckBoxDemoPage.java:25)
at com.obsquara.pages.CheckBoxDemoPage.clickCheckBoxDemoElement(CheckBoxDemoPage.java:25)
at com.obsquara.pages.CheckBoxDemoPage.clickCheckBoxDemoElement(CheckBoxDemoPage.java:25)
at com.obsquara.pages.CheckBoxDemoPage.clickCheckBoxDemoElement(CheckBoxDemoPage.java:25)
at com.obsquara.pages.CheckBoxDemoPage.clickCheckBoxDemoElement(CheckBoxDemoPage.java:25)
at com.obsquara.pages.CheckBoxDemoPage.clickCheckBoxDemoElement(CheckBoxDemoPage.java:25)
at com.obsquara.pages.CheckBoxDemoPage.clickCheckBoxDemoElement(CheckBoxDemoPage.java:25)
at com.obsquara.pages.CheckBoxDemoPage.clickCheckBoxDemoElement(CheckBoxDemoPage.java:25)
at com.obsquara.pages.CheckBoxDemoPage.clickCheckBoxDemoElement(CheckBoxDemoPage.java:25)
at com.obsquara.pages.CheckBoxDemoPage.clickCheckBoxDemoElement(CheckBoxDemoPage.java:25)
at com.obsquara.pages.CheckBoxDemoPage.clickCheckBoxDemoElement(CheckBoxDemoPage.java:25)
at com.obsquara.pages.CheckBoxDemoPage.clickCheckBoxDemoElement(CheckBoxDemoPage.java:25)
at com.obsquara.pages.CheckBoxDemoPage.clickCheckBoxDemoElement(CheckBoxDemoPage.java:25)
at com.obsquara.pages.CheckBoxDemoPage.clickCheckBoxDemoElement(CheckBoxDemoPage.java:25)
at com.obsquara.pages.CheckBoxDemoPage.clickCheckBoxDemoElement(CheckBoxDemoPage.java:25)
at com.obsquara.pages.CheckBoxDemoPage.clickCheckBoxDemoElement(CheckBoxDemoPage.java:25)
at com.obsquara.pages.CheckBoxDemoPage.clickCheckBoxDemoElement(CheckBoxDemoPage.java:25)
at com.obsquara.pages.CheckBoxDemoPage.clickCheckBoxDemoElement(CheckBoxDemoPage.java:25)
at com.obsquara.pages.CheckBoxDemoPage.clickCheckBoxDemoElement(CheckBoxDemoPage.java:25)
at com.obsquara.pages.CheckBoxDemoPage.clickCheckBoxDemoElement(CheckBoxDemoPage.java:25)
at com.obsquara.pages.CheckBoxDemoPage.clickCheckBoxDemoElement(CheckBoxDemoPage.java:25)
at com.obsquara.pages.CheckBoxDemoPage.clickCheckBoxDemoElement(CheckBoxDemoPage.java:25)
at com.obsquara.pages.CheckBoxDemoPage.clickCheckBoxDemoElement(CheckBoxDemoPage.java:25)
at com.obsquara.pages.CheckBoxDemoPage.clickCheckBoxDemoElement(CheckBoxDemoPage.java:25)
at com.obsquara.pages.CheckBoxDemoPage.clickCheckBoxDemoElement(CheckBoxDemoPage.java:25)
at com.obsquara.pages.CheckBoxDemoPage.clickCheckBoxDemoElement(CheckBoxDemoPage.java:25)
at com.obsquara.pages.CheckBoxDemoPage.clickCheckBoxDemoElement(CheckBoxDemoPage.java:25)
at com.obsquara.pages.CheckBoxDemoPage.clickCheckBoxDemoElement(CheckBoxDemoPage.java:25)
at com.obsquara.pages.CheckBoxDemoPage.clickCheckBoxDemoElement(CheckBoxDemoPage.java:25)
at com.obsquara.pages.CheckBoxDemoPage.clickCheckBoxDemoElement(CheckBoxDemoPage.java:25)
at com.obsquara.pages.CheckBoxDemoPage.clickCheckBoxDemoElement(CheckBoxDemoPage.java:25)
at com.obsquara.pages.CheckBoxDemoPage.clickCheckBoxDemoElement(CheckBoxDemoPage.java:25)
at com.obsquara.pages.CheckBoxDemoPage.clickCheckBoxDemoElement(CheckBoxDemoPage.java:25)
at com.obsquara.pages.CheckBoxDemoPage.clickCheckBoxDemoElement(CheckBoxDemoPage.java:25)
at com.obsquara.pages.CheckBoxDemoPage.clickCheckBoxDemoElement(CheckBoxDemoPage.java:25)
at com.obsquara.pages.CheckBoxDemoPage.clickCheckBoxDemoElement(CheckBoxDemoPage.java:25)
at com.obsquara.pages.CheckBoxDemoPage.clickCheckBoxDemoElement(CheckBoxDemoPage.java:25)
at com.obsquara.pages.CheckBoxDemoPage.clickCheckBoxDemoElement(CheckBoxDemoPage.java:25)
at com.obsquara.pages.CheckBoxDemoPage.clickCheckBoxDemoElement(CheckBoxDemoPage.java:25)
at com.obsquara.pages.CheckBoxDemoPage.clickCheckBoxDemoElement(CheckBoxDemoPage.java:25)
at com.obsquara.pages.CheckBoxDemoPage.clickCheckBoxDemoElement(CheckBoxDemoPage.java:25)
at com.obsquara.pages.CheckBoxDemoPage.clickCheckBoxDemoElement(CheckBoxDemoPage.java:25)
at com.obsquara.pages.CheckBoxDemoPage.clickCheckBoxDemoElement(CheckBoxDemoPage.java:25)
at com.obsquara.pages.CheckBoxDemoPage.clickCheckBoxDemoElement(CheckBoxDemoPage.java:25)
at com.obsquara.pages.CheckBoxDemoPage.clickCheckBoxDemoElement(CheckBoxDemoPage.java:25)
at com.obsquara.pages.CheckBoxDemoPage.clickCheckBoxDemoElement(CheckBoxDemoPage.java:25)
at com.obsquara.pages.CheckBoxDemoPage.clickCheckBoxDemoElement(CheckBoxDemoPage.java:25)
at com.obsquara.pages.CheckBoxDemoPage.clickCheckBoxDemoElement(CheckBoxDemoPage.java:25)
at com.obsquara.pages.CheckBoxDemoPage.clickCheckBoxDemoElement(CheckBoxDemoPage.java:25)
at com.obsquara.pages.CheckBoxDemoPage.clickCheckBoxDemoElement(CheckBoxDemoPage.java:25)
at com.obsquara.pages.CheckBoxDemoPage.clickCheckBoxDemoElement(CheckBoxDemoPage.java:25)
at com.obsquara.pages.CheckBoxDemoPage.clickCheckBoxDemoElement(CheckBoxDemoPage.java:25)
at com.obsquara.pages.CheckBoxDemoPage.clickCheckBoxDemoElement(CheckBoxDemoPage.java:25)
at com.obsquara.pages.CheckBoxDemoPage.clickCheckBoxDemoElement(CheckBoxDemoPage.java:25)
at com.obsquara.pages.CheckBoxDemoPage.clickCheckBoxDemoElement(CheckBoxDemoPage.java:25)
at com.obsquara.pages.CheckBoxDemoPage.clickCheckBoxDemoElement(CheckBoxDemoPage.java:25)
at com.obsquara.pages.CheckBoxDemoPage.clickCheckBoxDemoElement(CheckBoxDemoPage.java:25)
at com.obsquara.pages.CheckBoxDemoPage.clickCheckBoxDemoElement(CheckBoxDemoPage.java:25)
at com.obsquara.pages.CheckBoxDemoPage.clickCheckBoxDemoElement(CheckBoxDemoPage.java:25)
at com.obsquara.pages.CheckBoxDemoPage.clickCheckBoxDemoElement(CheckBoxDemoPage.java:25)
at com.obsquara.pages.CheckBoxDemoPage.clickCheckBoxDemoElement(CheckBoxDemoPage.java:25)
at com.obsquara.pages.CheckBoxDemoPage.clickCheckBoxDemoElement(CheckBoxDemoPage.java:25)
at com.obsquara.pages.CheckBoxDemoPage.clickCheckBoxDemoElement(CheckBoxDemoPage.java:25)
at com.obsquara.pages.CheckBoxDemoPage.clickCheckBoxDemoElement(CheckBoxDemoPage.java:25)
at com.obsquara.pages.CheckBoxDemoPage.clickCheckBoxDemoElement(CheckBoxDemoPage.java:25)
at com.obsquara.pages.CheckBoxDemoPage.clickCheckBoxDemoElement(CheckBoxDemoPage.java:25)
at com.obsquara.pages.CheckBoxDemoPage.clickCheckBoxDemoElement(CheckBoxDemoPage.java:25)
at com.obsquara.pages.CheckBoxDemoPage.clickCheckBoxDemoElement(CheckBoxDemoPage.java:25)
at com.obsquara.pages.CheckBoxDemoPage.clickCheckBoxDemoElement(CheckBoxDemoPage.java:25)
at com.obsquara.pages.CheckBoxDemoPage.clickCheckBoxDemoElement(CheckBoxDemoPage.java:25)
at com.obsquara.pages.CheckBoxDemoPage.clickCheckBoxDemoElement(CheckBoxDemoPage.java:25)
at com.obsquara.pages.CheckBoxDemoPage.clickCheckBoxDemoElement(CheckBoxDemoPage.java:25)
at com.obsquara.pages.CheckBoxDemoPage.clickCheckBoxDemoElement(CheckBoxDemoPage.java:25)
at com.obsquara.pages.CheckBoxDemoPage.clickCheckBoxDemoElement(CheckBoxDemoPage.java:25)
at com.obsquara.pages.CheckBoxDemoPage.clickCheckBoxDemoElement(CheckBoxDemoPage.java:25)
at com.obsquara.pages.CheckBoxDemoPage.clickCheckBoxDemoElement(CheckBoxDemoPage.java:25)
at com.obsquara.pages.CheckBoxDemoPage.clickCheckBoxDemoElement(CheckBoxDemoPage.java:25)
at com.obsquara.pages.CheckBoxDemoPage.clickCheckBoxDemoElement(CheckBoxDemoPage.java:25)
at com.obsquara.pages.CheckBoxDemoPage.clickCheckBoxDemoElement(CheckBoxDemoPage.java:25)
at com.obsquara.pages.CheckBoxDemoPage.clickCheckBoxDemoElement(CheckBoxDemoPage.java:25)
at com.obsquara.pages.CheckBoxDemoPage.clickCheckBoxDemoElement(CheckBoxDemoPage.java:25)
at com.obsquara.pages.CheckBoxDemoPage.clickCheckBoxDemoElement(CheckBoxDemoPage.java:25)
at com.obsquara.pages.CheckBoxDemoPage.clickCheckBoxDemoElement(CheckBoxDemoPage.java:25)
at com.obsquara.pages.CheckBoxDemoPage.clickCheckBoxDemoElement(CheckBoxDemoPage.java:25)
at com.obsquara.pages.CheckBoxDemoPage.clickCheckBoxDemoElement(CheckBoxDemoPage.java:25)
at com.obsquara.pages.CheckBoxDemoPage.clickCheckBoxDemoElement(CheckBoxDemoPage.java:25)
at com.obsquara.pages.CheckBoxDemoPage.clickCheckBoxDemoElement(CheckBoxDemoPage.java:25)
at com.obsquara.pages.CheckBoxDemoPage.clickCheckBoxDemoElement(CheckBoxDemoPage.java:25)
at com.obsquara.pages.CheckBoxDemoPage.clickCheckBoxDemoElement(CheckBoxDemoPage.java:25)
at com.obsquara.pages.CheckBoxDemoPage.clickCheckBoxDemoElement(CheckBoxDemoPage.java:25)
at com.obsquara.pages.CheckBoxDemoPage.clickCheckBoxDemoElement(CheckBoxDemoPage.java:25)
at com.obsquara.pages.CheckBoxDemoPage.clickCheckBoxDemoElement(CheckBoxDemoPage.java:25)
at com.obsquara.pages.CheckBoxDemoPage.clickCheckBoxDemoElement(CheckBoxDemoPage.java:25)
at com.obsquara.pages.CheckBoxDemoPage.clickCheckBoxDemoElement(CheckBoxDemoPage.java:25)
at com.obsquara.pages.CheckBoxDemoPage.clickCheckBoxDemoElement(CheckBoxDemoPage.java:25)
at com.obsquara.pages.CheckBoxDemoPage.clickCheckBoxDemoElement(CheckBoxDemoPage.java:25)
at com.obsquara.pages.CheckBoxDemoPage.clickCheckBoxDemoElement(CheckBoxDemoPage.java:25)
at com.obsquara.pages.CheckBoxDemoPage.clickCheckBoxDemoElement(CheckBoxDemoPage.java:25)
at com.obsquara.pages.CheckBoxDemoPage.clickCheckBoxDemoElement(CheckBoxDemoPage.java:25)
at com.obsquara.pages.CheckBoxDemoPage.clickCheckBoxDemoElement(CheckBoxDemoPage.java:25)
at com.obsquara.pages.CheckBoxDemoPage.clickCheckBoxDemoElement(CheckBoxDemoPage.java:25)
at com.obsquara.pages.CheckBoxDemoPage.clickCheckBoxDemoElement(CheckBoxDemoPage.java:25)
at com.obsquara.pages.CheckBoxDemoPage.clickCheckBoxDemoElement(CheckBoxDemoPage.java:25)
at com.obsquara.pages.CheckBoxDemoPage.clickCheckBoxDemoElement(CheckBoxDemoPage.java:25)
at com.obsquara.pages.CheckBoxDemoPage.clickCheckBoxDemoElement(CheckBoxDemoPage.java:25)
at com.obsquara.pages.CheckBoxDemoPage.clickCheckBoxDemoElement(CheckBoxDemoPage.java:25)
at com.obsquara.pages.CheckBoxDemoPage.clickCheckBoxDemoElement(CheckBoxDemoPage.java:25)
at com.obsquara.pages.CheckBoxDemoPage.clickCheckBoxDemoElement(CheckBoxDemoPage.java:25)
at com.obsquara.pages.CheckBoxDemoPage.clickCheckBoxDemoElement(CheckBoxDemoPage.java:25)
at com.obsquara.pages.CheckBoxDemoPage.clickCheckBoxDemoElement(CheckBoxDemoPage.java:25)
at com.obsquara.pages.CheckBoxDemoPage.clickCheckBoxDemoElement(CheckBoxDemoPage.java:25)
at com.obsquara.pages.CheckBoxDemoPage.clickCheckBoxDemoElement(CheckBoxDemoPage.java:25)
at com.obsquara.pages.CheckBoxDemoPage.clickCheckBoxDemoElement(CheckBoxDemoPage.java:25)
at com.obsquara.pages.CheckBoxDemoPage.clickCheckBoxDemoElement(CheckBoxDemoPage.java:25)
at com.obsquara.pages.CheckBoxDemoPage.clickCheckBoxDemoElement(CheckBoxDemoPage.java:25)
at com.obsquara.pages.CheckBoxDemoPage.clickCheckBoxDemoElement(CheckBoxDemoPage.java:25)
at com.obsquara.pages.CheckBoxDemoPage.clickCheckBoxDemoElement(CheckBoxDemoPage.java:25)
at com.obsquara.pages.CheckBoxDemoPage.clickCheckBoxDemoElement(CheckBoxDemoPage.java:25)
at com.obsquara.pages.CheckBoxDemoPage.clickCheckBoxDemoElement(CheckBoxDemoPage.java:25)
at com.obsquara.pages.CheckBoxDemoPage.clickCheckBoxDemoElement(CheckBoxDemoPage.java:25)
at com.obsquara.pages.CheckBoxDemoPage.clickCheckBoxDemoElement(CheckBoxDemoPage.java:25)
at com.obsquara.pages.CheckBoxDemoPage.clickCheckBoxDemoElement(CheckBoxDemoPage.java:25)
at com.obsquara.pages.CheckBoxDemoPage.clickCheckBoxDemoElement(CheckBoxDemoPage.java:25)
at com.obsquara.pages.CheckBoxDemoPage.clickCheckBoxDemoElement(CheckBoxDemoPage.java:25)
at com.obsquara.pages.CheckBoxDemoPage.clickCheckBoxDemoElement(CheckBoxDemoPage.java:25)
at com.obsquara.pages.CheckBoxDemoPage.clickCheckBoxDemoElement(CheckBoxDemoPage.java:25)
at com.obsquara.pages.CheckBoxDemoPage.clickCheckBoxDemoElement(CheckBoxDemoPage.java:25)
at com.obsquara.pages.CheckBoxDemoPage.clickCheckBoxDemoElement(CheckBoxDemoPage.java:25)
at com.obsquara.pages.CheckBoxDemoPage.clickCheckBoxDemoElement(CheckBoxDemoPage.java:25)
at com.obsquara.pages.CheckBoxDemoPage.clickCheckBoxDemoElement(CheckBoxDemoPage.java:25)
at com.obsquara.pages.CheckBoxDemoPage.clickCheckBoxDemoElement(CheckBoxDemoPage.java:25)
at com.obsquara.pages.CheckBoxDemoPage.clickCheckBoxDemoElement(CheckBoxDemoPage.java:25)
at com.obsquara.pages.CheckBoxDemoPage.clickCheckBoxDemoElement(CheckBoxDemoPage.java:25)
at com.obsquara.pages.CheckBoxDemoPage.clickCheckBoxDemoElement(CheckBoxDemoPage.java:25)
at com.obsquara.pages.CheckBoxDemoPage.clickCheckBoxDemoElement(CheckBoxDemoPage.java:25)
at com.obsquara.pages.CheckBoxDemoPage.clickCheckBoxDemoElement(CheckBoxDemoPage.java:25)
at com.obsquara.pages.CheckBoxDemoPage.clickCheckBoxDemoElement(CheckBoxDemoPage.java:25)
at com.obsquara.pages.CheckBoxDemoPage.clickCheckBoxDemoElement(CheckBoxDemoPage.java:25)
at com.obsquara.pages.CheckBoxDemoPage.clickCheckBoxDemoElement(CheckBoxDemoPage.java:25)
at com.obsquara.pages.CheckBoxDemoPage.clickCheckBoxDemoElement(CheckBoxDemoPage.java:25)
at com.obsquara.pages.CheckBoxDemoPage.clickCheckBoxDemoElement(CheckBoxDemoPage.java:25)
at com.obsquara.pages.CheckBoxDemoPage.clickCheckBoxDemoElement(CheckBoxDemoPage.java:25)
at com.obsquara.pages.CheckBoxDemoPage.clickCheckBoxDemoElement(CheckBoxDemoPage.java:25)
at com.obsquara.pages.CheckBoxDemoPage.clickCheckBoxDemoElement(CheckBoxDemoPage.java:25)
at com.obsquara.pages.CheckBoxDemoPage.clickCheckBoxDemoElement(CheckBoxDemoPage.java:25)
at com.obsquara.pages.CheckBoxDemoPage.clickCheckBoxDemoElement(CheckBoxDemoPage.java:25)
at com.obsquara.pages.CheckBoxDemoPage.clickCheckBoxDemoElement(CheckBoxDemoPage.java:25)
at com.obsquara.pages.CheckBoxDemoPage.clickCheckBoxDemoElement(CheckBoxDemoPage.java:25)
at com.obsquara.pages.CheckBoxDemoPage.clickCheckBoxDemoElement(CheckBoxDemoPage.java:25)
at com.obsquara.pages.CheckBoxDemoPage.clickCheckBoxDemoElement(CheckBoxDemoPage.java:25)
at com.obsquara.pages.CheckBoxDemoPage.clickCheckBoxDemoElement(CheckBoxDemoPage.java:25)
at com.obsquara.pages.CheckBoxDemoPage.clickCheckBoxDemoElement(CheckBoxDemoPage.java:25)
at com.obsquara.pages.CheckBoxDemoPage.clickCheckBoxDemoElement(CheckBoxDemoPage.java:25)
at com.obsquara.pages.CheckBoxDemoPage.clickCheckBoxDemoElement(CheckBoxDemoPage.java:25)
at com.obsquara.pages.CheckBoxDemoPage.clickCheckBoxDemoElement(CheckBoxDemoPage.java:25)
at com.obsquara.pages.CheckBoxDemoPage.clickCheckBoxDemoElement(CheckBoxDemoPage.java:25)
at com.obsquara.pages.CheckBoxDemoPage.clickCheckBoxDemoElement(CheckBoxDemoPage.java:25)
at com.obsquara.pages.CheckBoxDemoPage.clickCheckBoxDemoElement(CheckBoxDemoPage.java:25)
at com.obsquara.pages.CheckBoxDemoPage.clickCheckBoxDemoElement(CheckBoxDemoPage.java:25)
at com.obsquara.pages.CheckBoxDemoPage.clickCheckBoxDemoElement(CheckBoxDemoPage.java:25)
at com.obsquara.pages.CheckBoxDemoPage.clickCheckBoxDemoElement(CheckBoxDemoPage.java:25)
at com.obsquara.pages.CheckBoxDemoPage.clickCheckBoxDemoElement(CheckBoxDemoPage.java:25)
at com.obsquara.pages.CheckBoxDemoPage.clickCheckBoxDemoElement(CheckBoxDemoPage.java:25)
at com.obsquara.pages.CheckBoxDemoPage.clickCheckBoxDemoElement(CheckBoxDemoPage.java:25)
at com.obsquara.pages.CheckBoxDemoPage.clickCheckBoxDemoElement(CheckBoxDemoPage.java:25)
at com.obsquara.pages.CheckBoxDemoPage.clickCheckBoxDemoElement(CheckBoxDemoPage.java:25)
at com.obsquara.pages.CheckBoxDemoPage.clickCheckBoxDemoElement(CheckBoxDemoPage.java:25)
at com.obsquara.pages.CheckBoxDemoPage.clickCheckBoxDemoElement(CheckBoxDemoPage.java:25)
at com.obsquara.pages.CheckBoxDemoPage.clickCheckBoxDemoElement(CheckBoxDemoPage.java:25)
at com.obsquara.pages.CheckBoxDemoPage.clickCheckBoxDemoElement(CheckBoxDemoPage.java:25)
at com.obsquara.pages.CheckBoxDemoPage.clickCheckBoxDemoElement(CheckBoxDemoPage.java:25)
at com.obsquara.pages.CheckBoxDemoPage.clickCheckBoxDemoElement(CheckBoxDemoPage.java:25)
at com.obsquara.pages.CheckBoxDemoPage.clickCheckBoxDemoElement(CheckBoxDemoPage.java:25)
at com.obsquara.pages.CheckBoxDemoPage.clickCheckBoxDemoElement(CheckBoxDemoPage.java:25)
at com.obsquara.pages.CheckBoxDemoPage.clickCheckBoxDemoElement(CheckBoxDemoPage.java:25)
at com.obsquara.pages.CheckBoxDemoPage.clickCheckBoxDemoElement(CheckBoxDemoPage.java:25)
at com.obsquara.pages.CheckBoxDemoPage.clickCheckBoxDemoElement(CheckBoxDemoPage.java:25)
at com.obsquara.pages.CheckBoxDemoPage.clickCheckBoxDemoElement(CheckBoxDemoPage.java:25)
at com.obsquara.pages.CheckBoxDemoPage.clickCheckBoxDemoElement(CheckBoxDemoPage.java:25)
at com.obsquara.pages.CheckBoxDemoPage.clickCheckBoxDemoElement(CheckBoxDemoPage.java:25)
at com.obsquara.pages.CheckBoxDemoPage.clickCheckBoxDemoElement(CheckBoxDemoPage.java:25)
at com.obsquara.pages.CheckBoxDemoPage.clickCheckBoxDemoElement(CheckBoxDemoPage.java:25)
at com.obsquara.pages.CheckBoxDemoPage.clickCheckBoxDemoElement(CheckBoxDemoPage.java:25)
at com.obsquara.pages.CheckBoxDemoPage.clickCheckBoxDemoElement(CheckBoxDemoPage.java:25)
at com.obsquara.pages.CheckBoxDemoPage.clickCheckBoxDemoElement(CheckBoxDemoPage.java:25)
at com.obsquara.pages.CheckBoxDemoPage.clickCheckBoxDemoElement(CheckBoxDemoPage.java:25)
at com.obsquara.pages.CheckBoxDemoPage.clickCheckBoxDemoElement(CheckBoxDemoPage.java:25)
at com.obsquara.pages.CheckBoxDemoPage.clickCheckBoxDemoElement(CheckBoxDemoPage.java:25)
at com.obsquara.pages.CheckBoxDemoPage.clickCheckBoxDemoElement(CheckBoxDemoPage.java:25)
at com.obsquara.pages.CheckBoxDemoPage.clickCheckBoxDemoElement(CheckBoxDemoPage.java:25)
at com.obsquara.pages.CheckBoxDemoPage.clickCheckBoxDemoElement(CheckBoxDemoPage.java:25)
at com.obsquara.pages.CheckBoxDemoPage.clickCheckBoxDemoElement(CheckBoxDemoPage.java:25)
at com.obsquara.pages.CheckBoxDemoPage.clickCheckBoxDemoElement(CheckBoxDemoPage.java:25)
at com.obsquara.pages.CheckBoxDemoPage.clickCheckBoxDemoElement(CheckBoxDemoPage.java:25)
at com.obsquara.pages.CheckBoxDemoPage.clickCheckBoxDemoElement(CheckBoxDemoPage.java:25)
at com.obsquara.pages.CheckBoxDemoPage.clickCheckBoxDemoElement(CheckBoxDemoPage.java:25)
at com.obsquara.pages.CheckBoxDemoPage.clickCheckBoxDemoElement(CheckBoxDemoPage.java:25)
at com.obsquara.pages.CheckBoxDemoPage.clickCheckBoxDemoElement(CheckBoxDemoPage.java:25)
at com.obsquara.pages.CheckBoxDemoPage.clickCheckBoxDemoElement(CheckBoxDemoPage.java:25)
at com.obsquara.pages.CheckBoxDemoPage.clickCheckBoxDemoElement(CheckBoxDemoPage.java:25)
at com.obsquara.pages.CheckBoxDemoPage.clickCheckBoxDemoElement(CheckBoxDemoPage.java:25)
at com.obsquara.pages.CheckBoxDemoPage.clickCheckBoxDemoElement(CheckBoxDemoPage.java:25)
at com.obsquara.pages.CheckBoxDemoPage.clickCheckBoxDemoElement(CheckBoxDemoPage.java:25)
at com.obsquara.pages.CheckBoxDemoPage.clickCheckBoxDemoElement(CheckBoxDemoPage.java:25)
at com.obsquara.pages.CheckBoxDemoPage.clickCheckBoxDemoElement(CheckBoxDemoPage.java:25)
at com.obsquara.pages.CheckBoxDemoPage.clickCheckBoxDemoElement(CheckBoxDemoPage.java:25)
at com.obsquara.pages.CheckBoxDemoPage.clickCheckBoxDemoElement(CheckBoxDemoPage.java:25)
at com.obsquara.pages.CheckBoxDemoPage.clickCheckBoxDemoElement(CheckBoxDemoPage.java:25)
at com.obsquara.pages.CheckBoxDemoPage.clickCheckBoxDemoElement(CheckBoxDemoPage.java:25)
at com.obsquara.pages.CheckBoxDemoPage.clickCheckBoxDemoElement(CheckBoxDemoPage.java:25)
at com.obsquara.pages.CheckBoxDemoPage.clickCheckBoxDemoElement(CheckBoxDemoPage.java:25)
at com.obsquara.pages.CheckBoxDemoPage.clickCheckBoxDemoElement(CheckBoxDemoPage.java:25)
at com.obsquara.pages.CheckBoxDemoPage.clickCheckBoxDemoElement(CheckBoxDemoPage.java:25)
at com.obsquara.pages.CheckBoxDemoPage.clickCheckBoxDemoElement(CheckBoxDemoPage.java:25)
at com.obsquara.pages.CheckBoxDemoPage.clickCheckBoxDemoElement(CheckBoxDemoPage.java:25)
at com.obsquara.pages.CheckBoxDemoPage.clickCheckBoxDemoElement(CheckBoxDemoPage.java:25)
at com.obsquara.pages.CheckBoxDemoPage.clickCheckBoxDemoElement(CheckBoxDemoPage.java:25)
at com.obsquara.pages.CheckBoxDemoPage.clickCheckBoxDemoElement(CheckBoxDemoPage.java:25)
at com.obsquara.pages.CheckBoxDemoPage.clickCheckBoxDemoElement(CheckBoxDemoPage.java:25)
at com.obsquara.pages.CheckBoxDemoPage.clickCheckBoxDemoElement(CheckBoxDemoPage.java:25)
at com.obsquara.pages.CheckBoxDemoPage.clickCheckBoxDemoElement(CheckBoxDemoPage.java:25)
at com.obsquara.pages.CheckBoxDemoPage.clickCheckBoxDemoElement(CheckBoxDemoPage.java:25)
at com.obsquara.pages.CheckBoxDemoPage.clickCheckBoxDemoElement(CheckBoxDemoPage.java:25)
at com.obsquara.pages.CheckBoxDemoPage.clickCheckBoxDemoElement(CheckBoxDemoPage.java:25)
at com.obsquara.pages.CheckBoxDemoPage.clickCheckBoxDemoElement(CheckBoxDemoPage.java:25)
at com.obsquara.pages.CheckBoxDemoPage.clickCheckBoxDemoElement(CheckBoxDemoPage.java:25)
at com.obsquara.pages.CheckBoxDemoPage.clickCheckBoxDemoElement(CheckBoxDemoPage.java:25)
at com.obsquara.pages.CheckBoxDemoPage.clickCheckBoxDemoElement(CheckBoxDemoPage.java:25)
at com.obsquara.pages.CheckBoxDemoPage.clickCheckBoxDemoElement(CheckBoxDemoPage.java:25)
at com.obsquara.pages.CheckBoxDemoPage.clickCheckBoxDemoElement(CheckBoxDemoPage.java:25)
at com.obsquara.pages.CheckBoxDemoPage.clickCheckBoxDemoElement(CheckBoxDemoPage.java:25)
at com.obsquara.pages.CheckBoxDemoPage.clickCheckBoxDemoElement(CheckBoxDemoPage.java:25)
at com.obsquara.pages.CheckBoxDemoPage.clickCheckBoxDemoElement(CheckBoxDemoPage.java:25)
at com.obsquara.pages.CheckBoxDemoPage.clickCheckBoxDemoElement(CheckBoxDemoPage.java:25)
at com.obsquara.pages.CheckBoxDemoPage.clickCheckBoxDemoElement(CheckBoxDemoPage.java:25)
at com.obsquara.pages.CheckBoxDemoPage.clickCheckBoxDemoElement(CheckBoxDemoPage.java:25)
at com.obsquara.pages.CheckBoxDemoPage.clickCheckBoxDemoElement(CheckBoxDemoPage.java:25)
at com.obsquara.pages.CheckBoxDemoPage.clickCheckBoxDemoElement(CheckBoxDemoPage.java:25)
at com.obsquara.pages.CheckBoxDemoPage.clickCheckBoxDemoElement(CheckBoxDemoPage.java:25)
at com.obsquara.pages.CheckBoxDemoPage.clickCheckBoxDemoElement(CheckBoxDemoPage.java:25)
at com.obsquara.pages.CheckBoxDemoPage.clickCheckBoxDemoElement(CheckBoxDemoPage.java:25)
at com.obsquara.pages.CheckBoxDemoPage.clickCheckBoxDemoElement(CheckBoxDemoPage.java:25)
at com.obsquara.pages.CheckBoxDemoPage.clickCheckBoxDemoElement(CheckBoxDemoPage.java:25)
at com.obsquara.pages.CheckBoxDemoPage.clickCheckBoxDemoElement(CheckBoxDemoPage.java:25)
at com.obsquara.pages.CheckBoxDemoPage.clickCheckBoxDemoElement(CheckBoxDemoPage.java:25)
at com.obsquara.pages.CheckBoxDemoPage.clickCheckBoxDemoElement(CheckBoxDemoPage.java:25)
at com.obsquara.pages.CheckBoxDemoPage.clickCheckBoxDemoElement(CheckBoxDemoPage.java:25)
at com.obsquara.pages.CheckBoxDemoPage.clickCheckBoxDemoElement(CheckBoxDemoPage.java:25)
at com.obsquara.pages.CheckBoxDemoPage.clickCheckBoxDemoElement(CheckBoxDemoPage.java:25)
at com.obsquara.pages.CheckBoxDemoPage.clickCheckBoxDemoElement(CheckBoxDemoPage.java:25)
at com.obsquara.pages.CheckBoxDemoPage.clickCheckBoxDemoElement(CheckBoxDemoPage.java:25)
at com.obsquara.pages.CheckBoxDemoPage.clickCheckBoxDemoElement(CheckBoxDemoPage.java:25)
at com.obsquara.pages.CheckBoxDemoPage.clickCheckBoxDemoElement(CheckBoxDemoPage.java:25)
at com.obsquara.pages.CheckBoxDemoPage.clickCheckBoxDemoElement(CheckBoxDemoPage.java:25)
at com.obsquara.pages.CheckBoxDemoPage.clickCheckBoxDemoElement(CheckBoxDemoPage.java:25)
at com.obsquara.pages.CheckBoxDemoPage.clickCheckBoxDemoElement(CheckBoxDemoPage.java:25)
at com.obsquara.pages.CheckBoxDemoPage.clickCheckBoxDemoElement(CheckBoxDemoPage.java:25)
at com.obsquara.pages.CheckBoxDemoPage.clickCheckBoxDemoElement(CheckBoxDemoPage.java:25)
at com.obsquara.pages.CheckBoxDemoPage.clickCheckBoxDemoElement(CheckBoxDemoPage.java:25)
at com.obsquara.pages.CheckBoxDemoPage.clickCheckBoxDemoElement(CheckBoxDemoPage.java:25)
at com.obsquara.pages.CheckBoxDemoPage.clickCheckBoxDemoElement(CheckBoxDemoPage.java:25)
at com.obsquara.pages.CheckBoxDemoPage.clickCheckBoxDemoElement(CheckBoxDemoPage.java:25)
at com.obsquara.pages.CheckBoxDemoPage.clickCheckBoxDemoElement(CheckBoxDemoPage.java:25)
at com.obsquara.pages.CheckBoxDemoPage.clickCheckBoxDemoElement(CheckBoxDemoPage.java:25)
at com.obsquara.pages.CheckBoxDemoPage.clickCheckBoxDemoElement(CheckBoxDemoPage.java:25)
at com.obsquara.pages.CheckBoxDemoPage.clickCheckBoxDemoElement(CheckBoxDemoPage.java:25)
at com.obsquara.pages.CheckBoxDemoPage.clickCheckBoxDemoElement(CheckBoxDemoPage.java:25)
at com.obsquara.pages.CheckBoxDemoPage.clickCheckBoxDemoElement(CheckBoxDemoPage.java:25)
at com.obsquara.pages.CheckBoxDemoPage.clickCheckBoxDemoElement(CheckBoxDemoPage.java:25)
at com.obsquara.pages.CheckBoxDemoPage.clickCheckBoxDemoElement(CheckBoxDemoPage.java:25)
at com.obsquara.pages.CheckBoxDemoPage.clickCheckBoxDemoElement(CheckBoxDemoPage.java:25)
at com.obsquara.pages.CheckBoxDemoPage.clickCheckBoxDemoElement(CheckBoxDemoPage.java:25)
at com.obsquara.pages.CheckBoxDemoPage.clickCheckBoxDemoElement(CheckBoxDemoPage.java:25)
at com.obsquara.pages.CheckBoxDemoPage.clickCheckBoxDemoElement(CheckBoxDemoPage.java:25)
at com.obsquara.pages.CheckBoxDemoPage.clickCheckBoxDemoElement(CheckBoxDemoPage.java:25)
at com.obsquara.pages.CheckBoxDemoPage.clickCheckBoxDemoElement(CheckBoxDemoPage.java:25)
at com.obsquara.pages.CheckBoxDemoPage.clickCheckBoxDemoElement(CheckBoxDemoPage.java:25)
at com.obsquara.pages.CheckBoxDemoPage.clickCheckBoxDemoElement(CheckBoxDemoPage.java:25)
at com.obsquara.pages.CheckBoxDemoPage.clickCheckBoxDemoElement(CheckBoxDemoPage.java:25)
at com.obsquara.pages.CheckBoxDemoPage.clickCheckBoxDemoElement(CheckBoxDemoPage.java:25)
at com.obsquara.pages.CheckBoxDemoPage.clickCheckBoxDemoElement(CheckBoxDemoPage.java:25)
at com.obsquara.pages.CheckBoxDemoPage.clickCheckBoxDemoElement(CheckBoxDemoPage.java:25)
at com.obsquara.pages.CheckBoxDemoPage.clickCheckBoxDemoElement(CheckBoxDemoPage.java:25)
at com.obsquara.pages.CheckBoxDemoPage.clickCheckBoxDemoElement(CheckBoxDemoPage.java:25)
at com.obsquara.pages.CheckBoxDemoPage.clickCheckBoxDemoElement(CheckBoxDemoPage.java:25)
at com.obsquara.pages.CheckBoxDemoPage.clickCheckBoxDemoElement(CheckBoxDemoPage.java:25)
at com.obsquara.pages.CheckBoxDemoPage.clickCheckBoxDemoElement(CheckBoxDemoPage.java:25)
at com.obsquara.pages.CheckBoxDemoPage.clickCheckBoxDemoElement(CheckBoxDemoPage.java:25)
at com.obsquara.pages.CheckBoxDemoPage.clickCheckBoxDemoElement(CheckBoxDemoPage.java:25)
at com.obsquara.pages.CheckBoxDemoPage.clickCheckBoxDemoElement(CheckBoxDemoPage.java:25)
at com.obsquara.pages.CheckBoxDemoPage.clickCheckBoxDemoElement(CheckBoxDemoPage.java:25)
at com.obsquara.pages.CheckBoxDemoPage.clickCheckBoxDemoElement(CheckBoxDemoPage.java:25)
at com.obsquara.pages.CheckBoxDemoPage.clickCheckBoxDemoElement(CheckBoxDemoPage.java:25)
at com.obsquara.pages.CheckBoxDemoPage.clickCheckBoxDemoElement(CheckBoxDemoPage.java:25)
at com.obsquara.pages.CheckBoxDemoPage.clickCheckBoxDemoElement(CheckBoxDemoPage.java:25)
at com.obsquara.pages.CheckBoxDemoPage.clickCheckBoxDemoElement(CheckBoxDemoPage.java:25)
at com.obsquara.pages.CheckBoxDemoPage.clickCheckBoxDemoElement(CheckBoxDemoPage.java:25)
at com.obsquara.pages.CheckBoxDemoPage.clickCheckBoxDemoElement(CheckBoxDemoPage.java:25)
at com.obsquara.pages.CheckBoxDemoPage.clickCheckBoxDemoElement(CheckBoxDemoPage.java:25)
at com.obsquara.pages.CheckBoxDemoPage.clickCheckBoxDemoElement(CheckBoxDemoPage.java:25)
at com.obsquara.pages.CheckBoxDemoPage.clickCheckBoxDemoElement(CheckBoxDemoPage.java:25)
at com.obsquara.pages.CheckBoxDemoPage.clickCheckBoxDemoElement(CheckBoxDemoPage.java:25)
at com.obsquara.pages.CheckBoxDemoPage.clickCheckBoxDemoElement(CheckBoxDemoPage.java:25)
at com.obsquara.pages.CheckBoxDemoPage.clickCheckBoxDemoElement(CheckBoxDemoPage.java:25)
at com.obsquara.pages.CheckBoxDemoPage.clickCheckBoxDemoElement(CheckBoxDemoPage.java:25)
at com.obsquara.pages.CheckBoxDemoPage.clickCheckBoxDemoElement(CheckBoxDemoPage.java:25)
at com.obsquara.pages.CheckBoxDemoPage.clickCheckBoxDemoElement(CheckBoxDemoPage.java:25)
at com.obsquara.pages.CheckBoxDemoPage.clickCheckBoxDemoElement(CheckBoxDemoPage.java:25)
at com.obsquara.pages.CheckBoxDemoPage.clickCheckBoxDemoElement(CheckBoxDemoPage.java:25)
at com.obsquara.pages.CheckBoxDemoPage.clickCheckBoxDemoElement(CheckBoxDemoPage.java:25)
at com.obsquara.pages.CheckBoxDemoPage.clickCheckBoxDemoElement(CheckBoxDemoPage.java:25)
at com.obsquara.pages.CheckBoxDemoPage.clickCheckBoxDemoElement(CheckBoxDemoPage.java:25)
at com.obsquara.pages.CheckBoxDemoPage.clickCheckBoxDemoElement(CheckBoxDemoPage.java:25)
at com.obsquara.pages.CheckBoxDemoPage.clickCheckBoxDemoElement(CheckBoxDemoPage.java:25)
at com.obsquara.pages.CheckBoxDemoPage.clickCheckBoxDemoElement(CheckBoxDemoPage.java:25)
at com.obsquara.pages.CheckBoxDemoPage.clickCheckBoxDemoElement(CheckBoxDemoPage.java:25)
at com.obsquara.pages.CheckBoxDemoPage.clickCheckBoxDemoElement(CheckBoxDemoPage.java:25)
at com.obsquara.pages.CheckBoxDemoPage.clickCheckBoxDemoElement(CheckBoxDemoPage.java:25)
at com.obsquara.pages.CheckBoxDemoPage.clickCheckBoxDemoElement(CheckBoxDemoPage.java:25)
at com.obsquara.pages.CheckBoxDemoPage.clickCheckBoxDemoElement(CheckBoxDemoPage.java:25)
at com.obsquara.pages.CheckBoxDemoPage.clickCheckBoxDemoElement(CheckBoxDemoPage.java:25)
at com.obsquara.pages.CheckBoxDemoPage.clickCheckBoxDemoElement(CheckBoxDemoPage.java:25)
at com.obsquara.pages.CheckBoxDemoPage.clickCheckBoxDemoElement(CheckBoxDemoPage.java:25)
at com.obsquara.pages.CheckBoxDemoPage.clickCheckBoxDemoElement(CheckBoxDemoPage.java:25)
at com.obsquara.pages.CheckBoxDemoPage.clickCheckBoxDemoElement(CheckBoxDemoPage.java:25)
at com.obsquara.pages.CheckBoxDemoPage.clickCheckBoxDemoElement(CheckBoxDemoPage.java:25)
at com.obsquara.pages.CheckBoxDemoPage.clickCheckBoxDemoElement(CheckBoxDemoPage.java:25)
at com.obsquara.pages.CheckBoxDemoPage.clickCheckBoxDemoElement(CheckBoxDemoPage.java:25)
at com.obsquara.pages.CheckBoxDemoPage.clickCheckBoxDemoElement(CheckBoxDemoPage.java:25)
at com.obsquara.pages.CheckBoxDemoPage.clickCheckBoxDemoElement(CheckBoxDemoPage.java:25)
at com.obsquara.pages.CheckBoxDemoPage.clickCheckBoxDemoElement(CheckBoxDemoPage.java:25)
at com.obsquara.pages.CheckBoxDemoPage.clickCheckBoxDemoElement(CheckBoxDemoPage.java:25)
at com.obsquara.pages.CheckBoxDemoPage.clickCheckBoxDemoElement(CheckBoxDemoPage.java:25)
at com.obsquara.pages.CheckBoxDemoPage.clickCheckBoxDemoElement(CheckBoxDemoPage.java:25)
at com.obsquara.pages.CheckBoxDemoPage.clickCheckBoxDemoElement(CheckBoxDemoPage.java:25)
at com.obsquara.pages.CheckBoxDemoPage.clickCheckBoxDemoElement(CheckBoxDemoPage.java:25)
at com.obsquara.pages.CheckBoxDemoPage.clickCheckBoxDemoElement(CheckBoxDemoPage.java:25)
at com.obsquara.pages.CheckBoxDemoPage.clickCheckBoxDemoElement(CheckBoxDemoPage.java:25)
at com.obsquara.pages.CheckBoxDemoPage.clickCheckBoxDemoElement(CheckBoxDemoPage.java:25)
at com.obsquara.pages.CheckBoxDemoPage.clickCheckBoxDemoElement(CheckBoxDemoPage.java:25)
at com.obsquara.pages.CheckBoxDemoPage.clickCheckBoxDemoElement(CheckBoxDemoPage.java:25)
at com.obsquara.pages.CheckBoxDemoPage.clickCheckBoxDemoElement(CheckBoxDemoPage.java:25)
at com.obsquara.pages.CheckBoxDemoPage.clickCheckBoxDemoElement(CheckBoxDemoPage.java:25)
at com.obsquara.pages.CheckBoxDemoPage.clickCheckBoxDemoElement(CheckBoxDemoPage.java:25)
at com.obsquara.pages.CheckBoxDemoPage.clickCheckBoxDemoElement(CheckBoxDemoPage.java:25)
at com.obsquara.pages.CheckBoxDemoPage.clickCheckBoxDemoElement(CheckBoxDemoPage.java:25)
at com.obsquara.pages.CheckBoxDemoPage.clickCheckBoxDemoElement(CheckBoxDemoPage.java:25)
at com.obsquara.pages.CheckBoxDemoPage.clickCheckBoxDemoElement(CheckBoxDemoPage.java:25)
at com.obsquara.pages.CheckBoxDemoPage.clickCheckBoxDemoElement(CheckBoxDemoPage.java:25)
at com.obsquara.pages.CheckBoxDemoPage.clickCheckBoxDemoElement(CheckBoxDemoPage.java:25)
at com.obsquara.pages.CheckBoxDemoPage.clickCheckBoxDemoElement(CheckBoxDemoPage.java:25)
at com.obsquara.pages.CheckBoxDemoPage.clickCheckBoxDemoElement(CheckBoxDemoPage.java:25)
at com.obsquara.pages.CheckBoxDemoPage.clickCheckBoxDemoElement(CheckBoxDemoPage.java:25)
at com.obsquara.pages.CheckBoxDemoPage.clickCheckBoxDemoElement(CheckBoxDemoPage.java:25)
at com.obsquara.pages.CheckBoxDemoPage.clickCheckBoxDemoElement(CheckBoxDemoPage.java:25)
at com.obsquara.pages.CheckBoxDemoPage.clickCheckBoxDemoElement(CheckBoxDemoPage.java:25)
at com.obsquara.pages.CheckBoxDemoPage.clickCheckBoxDemoElement(CheckBoxDemoPage.java:25)
at com.obsquara.pages.CheckBoxDemoPage.clickCheckBoxDemoElement(CheckBoxDemoPage.java:25)
at com.obsquara.pages.CheckBoxDemoPage.clickCheckBoxDemoElement(CheckBoxDemoPage.java:25)
at com.obsquara.pages.CheckBoxDemoPage.clickCheckBoxDemoElement(CheckBoxDemoPage.java:25)
at com.obsquara.pages.CheckBoxDemoPage.clickCheckBoxDemoElement(CheckBoxDemoPage.java:25)
at com.obsquara.pages.CheckBoxDemoPage.clickCheckBoxDemoElement(CheckBoxDemoPage.java:25)
at com.obsquara.pages.CheckBoxDemoPage.clickCheckBoxDemoElement(CheckBoxDemoPage.java:25)
at com.obsquara.pages.CheckBoxDemoPage.clickCheckBoxDemoElement(CheckBoxDemoPage.java:25)
at com.obsquara.pages.CheckBoxDemoPage.clickCheckBoxDemoElement(CheckBoxDemoPage.java:25)
at com.obsquara.pages.CheckBoxDemoPage.clickCheckBoxDemoElement(CheckBoxDemoPage.java:25)
at com.obsquara.pages.CheckBoxDemoPage.clickCheckBoxDemoElement(CheckBoxDemoPage.java:25)
at com.obsquara.pages.CheckBoxDemoPage.clickCheckBoxDemoElement(CheckBoxDemoPage.java:25)
at com.obsquara.pages.CheckBoxDemoPage.clickCheckBoxDemoElement(CheckBoxDemoPage.java:25)
at com.obsquara.pages.CheckBoxDemoPage.clickCheckBoxDemoElement(CheckBoxDemoPage.java:25)
at com.obsquara.pages.CheckBoxDemoPage.clickCheckBoxDemoElement(CheckBoxDemoPage.java:25)
at com.obsquara.pages.CheckBoxDemoPage.clickCheckBoxDemoElement(CheckBoxDemoPage.java:25)
at com.obsquara.pages.CheckBoxDemoPage.clickCheckBoxDemoElement(CheckBoxDemoPage.java:25)
at com.obsquara.pages.CheckBoxDemoPage.clickCheckBoxDemoElement(CheckBoxDemoPage.java:25)
at com.obsquara.pages.CheckBoxDemoPage.clickCheckBoxDemoElement(CheckBoxDemoPage.java:25)
at com.obsquara.pages.CheckBoxDemoPage.clickCheckBoxDemoElement(CheckBoxDemoPage.java:25)
at com.obsquara.pages.CheckBoxDemoPage.clickCheckBoxDemoElement(CheckBoxDemoPage.java:25)
at com.obsquara.pages.CheckBoxDemoPage.clickCheckBoxDemoElement(CheckBoxDemoPage.java:25)
at com.obsquara.pages.CheckBoxDemoPage.clickCheckBoxDemoElement(CheckBoxDemoPage.java:25)
at com.obsquara.pages.CheckBoxDemoPage.clickCheckBoxDemoElement(CheckBoxDemoPage.java:25)
at com.obsquara.pages.CheckBoxDemoPage.clickCheckBoxDemoElement(CheckBoxDemoPage.java:25)
at com.obsquara.pages.CheckBoxDemoPage.clickCheckBoxDemoElement(CheckBoxDemoPage.java:25)
at com.obsquara.pages.CheckBoxDemoPage.clickCheckBoxDemoElement(CheckBoxDemoPage.java:25)
at com.obsquara.pages.CheckBoxDemoPage.clickCheckBoxDemoElement(CheckBoxDemoPage.java:25)
at com.obsquara.pages.CheckBoxDemoPage.clickCheckBoxDemoElement(CheckBoxDemoPage.java:25)
at com.obsquara.pages.CheckBoxDemoPage.clickCheckBoxDemoElement(CheckBoxDemoPage.java:25)
at com.obsquara.pages.CheckBoxDemoPage.clickCheckBoxDemoElement(CheckBoxDemoPage.java:25)
at com.obsquara.pages.CheckBoxDemoPage.clickCheckBoxDemoElement(CheckBoxDemoPage.java:25)
at com.obsquara.pages.CheckBoxDemoPage.clickCheckBoxDemoElement(CheckBoxDemoPage.java:25)
at com.obsquara.pages.CheckBoxDemoPage.clickCheckBoxDemoElement(CheckBoxDemoPage.java:25)
at com.obsquara.pages.CheckBoxDemoPage.clickCheckBoxDemoElement(CheckBoxDemoPage.java:25)
at com.obsquara.pages.CheckBoxDemoPage.clickCheckBoxDemoElement(CheckBoxDemoPage.java:25)
at com.obsquara.pages.CheckBoxDemoPage.clickCheckBoxDemoElement(CheckBoxDemoPage.java:25)
at com.obsquara.pages.CheckBoxDemoPage.clickCheckBoxDemoElement(CheckBoxDemoPage.java:25)
at com.obsquara.pages.CheckBoxDemoPage.clickCheckBoxDemoElement(CheckBoxDemoPage.java:25)
at com.obsquara.pages.CheckBoxDemoPage.clickCheckBoxDemoElement(CheckBoxDemoPage.java:25)
at com.obsquara.pages.CheckBoxDemoPage.clickCheckBoxDemoElement(CheckBoxDemoPage.java:25)
at com.obsquara.pages.CheckBoxDemoPage.clickCheckBoxDemoElement(CheckBoxDemoPage.java:25)
at com.obsquara.pages.CheckBoxDemoPage.clickCheckBoxDemoElement(CheckBoxDemoPage.java:25)
at com.obsquara.pages.CheckBoxDemoPage.clickCheckBoxDemoElement(CheckBoxDemoPage.java:25)
at com.obsquara.pages.CheckBoxDemoPage.clickCheckBoxDemoElement(CheckBoxDemoPage.java:25)
at com.obsquara.pages.CheckBoxDemoPage.clickCheckBoxDemoElement(CheckBoxDemoPage.java:25)
at com.obsquara.pages.CheckBoxDemoPage.clickCheckBoxDemoElement(CheckBoxDemoPage.java:25)
at com.obsquara.pages.CheckBoxDemoPage.clickCheckBoxDemoElement(CheckBoxDemoPage.java:25)
at com.obsquara.pages.CheckBoxDemoPage.clickCheckBoxDemoElement(CheckBoxDemoPage.java:25)
at com.obsquara.pages.CheckBoxDemoPage.clickCheckBoxDemoElement(CheckBoxDemoPage.java:25)
at com.obsquara.pages.CheckBoxDemoPage.clickCheckBoxDemoElement(CheckBoxDemoPage.java:25)
at com.obsquara.pages.CheckBoxDemoPage.clickCheckBoxDemoElement(CheckBoxDemoPage.java:25)
at com.obsquara.pages.CheckBoxDemoPage.clickCheckBoxDemoElement(CheckBoxDemoPage.java:25)
at com.obsquara.pages.CheckBoxDemoPage.clickCheckBoxDemoElement(CheckBoxDemoPage.java:25)
at com.obsquara.pages.CheckBoxDemoPage.clickCheckBoxDemoElement(CheckBoxDemoPage.java:25)
at com.obsquara.pages.CheckBoxDemoPage.clickCheckBoxDemoElement(CheckBoxDemoPage.java:25)
at com.obsquara.pages.CheckBoxDemoPage.clickCheckBoxDemoElement(CheckBoxDemoPage.java:25)
at com.obsquara.pages.CheckBoxDemoPage.clickCheckBoxDemoElement(CheckBoxDemoPage.java:25)
at com.obsquara.pages.CheckBoxDemoPage.clickCheckBoxDemoElement(CheckBoxDemoPage.java:25)
at com.obsquara.pages.CheckBoxDemoPage.clickCheckBoxDemoElement(CheckBoxDemoPage.java:25)
at com.obsquara.pages.CheckBoxDemoPage.clickCheckBoxDemoElement(CheckBoxDemoPage.java:25)
at com.obsquara.pages.CheckBoxDemoPage.clickCheckBoxDemoElement(CheckBoxDemoPage.java:25)
at com.obsquara.pages.CheckBoxDemoPage.clickCheckBoxDemoElement(CheckBoxDemoPage.java:25)
at com.obsquara.pages.CheckBoxDemoPage.clickCheckBoxDemoElement(CheckBoxDemoPage.java:25)
at com.obsquara.pages.CheckBoxDemoPage.clickCheckBoxDemoElement(CheckBoxDemoPage.java:25)
at com.obsquara.pages.CheckBoxDemoPage.clickCheckBoxDemoElement(CheckBoxDemoPage.java:25)
at com.obsquara.pages.CheckBoxDemoPage.clickCheckBoxDemoElement(CheckBoxDemoPage.java:25)
at com.obsquara.pages.CheckBoxDemoPage.clickCheckBoxDemoElement(CheckBoxDemoPage.java:25)
at com.obsquara.pages.CheckBoxDemoPage.clickCheckBoxDemoElement(CheckBoxDemoPage.java:25)
at com.obsquara.pages.CheckBoxDemoPage.clickCheckBoxDemoElement(CheckBoxDemoPage.java:25)
at com.obsquara.pages.CheckBoxDemoPage.clickCheckBoxDemoElement(CheckBoxDemoPage.java:25)
at com.obsquara.pages.CheckBoxDemoPage.clickCheckBoxDemoElement(CheckBoxDemoPage.java:25)
at com.obsquara.pages.CheckBoxDemoPage.clickCheckBoxDemoElement(CheckBoxDemoPage.java:25)
at com.obsquara.pages.CheckBoxDemoPage.clickCheckBoxDemoElement(CheckBoxDemoPage.java:25)
at com.obsquara.pages.CheckBoxDemoPage.clickCheckBoxDemoElement(CheckBoxDemoPage.java:25)
at com.obsquara.pages.CheckBoxDemoPage.clickCheckBoxDemoElement(CheckBoxDemoPage.java:25)
at com.obsquara.pages.CheckBoxDemoPage.clickCheckBoxDemoElement(CheckBoxDemoPage.java:25)
at com.obsquara.pages.CheckBoxDemoPage.clickCheckBoxDemoElement(CheckBoxDemoPage.java:25)
at com.obsquara.pages.CheckBoxDemoPage.clickCheckBoxDemoElement(CheckBoxDemoPage.java:25)
at com.obsquara.pages.CheckBoxDemoPage.clickCheckBoxDemoElement(CheckBoxDemoPage.java:25)
at com.obsquara.pages.CheckBoxDemoPage.clickCheckBoxDemoElement(CheckBoxDemoPage.java:25)
at com.obsquara.pages.CheckBoxDemoPage.clickCheckBoxDemoElement(CheckBoxDemoPage.java:25)
at com.obsquara.pages.CheckBoxDemoPage.clickCheckBoxDemoElement(CheckBoxDemoPage.java:25)
at com.obsquara.pages.CheckBoxDemoPage.clickCheckBoxDemoElement(CheckBoxDemoPage.java:25)
at com.obsquara.pages.CheckBoxDemoPage.clickCheckBoxDemoElement(CheckBoxDemoPage.java:25)
at com.obsquara.pages.CheckBoxDemoPage.clickCheckBoxDemoElement(CheckBoxDemoPage.java:25)
at com.obsquara.pages.CheckBoxDemoPage.clickCheckBoxDemoElement(CheckBoxDemoPage.java:25)
at com.obsquara.pages.CheckBoxDemoPage.clickCheckBoxDemoElement(CheckBoxDemoPage.java:25)
at com.obsquara.pages.CheckBoxDemoPage.clickCheckBoxDemoElement(CheckBoxDemoPage.java:25)
at com.obsquara.pages.CheckBoxDemoPage.clickCheckBoxDemoElement(CheckBoxDemoPage.java:25)
at com.obsquara.pages.CheckBoxDemoPage.clickCheckBoxDemoElement(CheckBoxDemoPage.java:25)
at com.obsquara.pages.CheckBoxDemoPage.clickCheckBoxDemoElement(CheckBoxDemoPage.java:25)
at com.obsquara.pages.CheckBoxDemoPage.clickCheckBoxDemoElement(CheckBoxDemoPage.java:25)
at com.obsquara.pages.CheckBoxDemoPage.clickCheckBoxDemoElement(CheckBoxDemoPage.java:25)
at com.obsquara.pages.CheckBoxDemoPage.clickCheckBoxDemoElement(CheckBoxDemoPage.java:25)
at com.obsquara.pages.CheckBoxDemoPage.clickCheckBoxDemoElement(CheckBoxDemoPage.java:25)
at com.obsquara.pages.CheckBoxDemoPage.clickCheckBoxDemoElement(CheckBoxDemoPage.java:25)
at com.obsquara.pages.CheckBoxDemoPage.clickCheckBoxDemoElement(CheckBoxDemoPage.java:25)
at com.obsquara.pages.CheckBoxDemoPage.clickCheckBoxDemoElement(CheckBoxDemoPage.java:25)
at com.obsquara.pages.CheckBoxDemoPage.clickCheckBoxDemoElement(CheckBoxDemoPage.java:25)
at com.obsquara.pages.CheckBoxDemoPage.clickCheckBoxDemoElement(CheckBoxDemoPage.java:25)
at com.obsquara.pages.CheckBoxDemoPage.clickCheckBoxDemoElement(CheckBoxDemoPage.java:25)
at com.obsquara.pages.CheckBoxDemoPage.clickCheckBoxDemoElement(CheckBoxDemoPage.java:25)
at com.obsquara.pages.CheckBoxDemoPage.clickCheckBoxDemoElement(CheckBoxDemoPage.java:25)
at com.obsquara.pages.CheckBoxDemoPage.clickCheckBoxDemoElement(CheckBoxDemoPage.java:25)
at com.obsquara.pages.CheckBoxDemoPage.clickCheckBoxDemoElement(CheckBoxDemoPage.java:25)
at com.obsquara.pages.CheckBoxDemoPage.clickCheckBoxDemoElement(CheckBoxDemoPage.java:25)
at com.obsquara.pages.CheckBoxDemoPage.clickCheckBoxDemoElement(CheckBoxDemoPage.java:25)
at com.obsquara.pages.CheckBoxDemoPage.clickCheckBoxDemoElement(CheckBoxDemoPage.java:25)
at com.obsquara.pages.CheckBoxDemoPage.clickCheckBoxDemoElement(CheckBoxDemoPage.java:25)
at com.obsquara.pages.CheckBoxDemoPage.clickCheckBoxDemoElement(CheckBoxDemoPage.java:25)
at com.obsquara.pages.CheckBoxDemoPage.clickCheckBoxDemoElement(CheckBoxDemoPage.java:25)
at com.obsquara.pages.CheckBoxDemoPage.clickCheckBoxDemoElement(CheckBoxDemoPage.java:25)
at com.obsquara.pages.CheckBoxDemoPage.clickCheckBoxDemoElement(CheckBoxDemoPage.java:25)
at com.obsquara.pages.CheckBoxDemoPage.clickCheckBoxDemoElement(CheckBoxDemoPage.java:25)
at com.obsquara.pages.CheckBoxDemoPage.clickCheckBoxDemoElement(CheckBoxDemoPage.java:25)
at com.obsquara.pages.CheckBoxDemoPage.clickCheckBoxDemoElement(CheckBoxDemoPage.java:25)
at com.obsquara.pages.CheckBoxDemoPage.clickCheckBoxDemoElement(CheckBoxDemoPage.java:25)
at com.obsquara.pages.CheckBoxDemoPage.clickCheckBoxDemoElement(CheckBoxDemoPage.java:25)
at com.obsquara.pages.CheckBoxDemoPage.clickCheckBoxDemoElement(CheckBoxDemoPage.java:25)
at com.obsquara.pages.CheckBoxDemoPage.clickCheckBoxDemoElement(CheckBoxDemoPage.java:25)
at com.obsquara.pages.CheckBoxDemoPage.clickCheckBoxDemoElement(CheckBoxDemoPage.java:25)
at com.obsquara.pages.CheckBoxDemoPage.clickCheckBoxDemoElement(CheckBoxDemoPage.java:25)
at com.obsquara.pages.CheckBoxDemoPage.clickCheckBoxDemoElement(CheckBoxDemoPage.java:25)
at com.obsquara.pages.CheckBoxDemoPage.clickCheckBoxDemoElement(CheckBoxDemoPage.java:25)
at com.obsquara.pages.CheckBoxDemoPage.clickCheckBoxDemoElement(CheckBoxDemoPage.java:25)
at com.obsquara.pages.CheckBoxDemoPage.clickCheckBoxDemoElement(CheckBoxDemoPage.java:25)
at com.obsquara.pages.CheckBoxDemoPage.clickCheckBoxDemoElement(CheckBoxDemoPage.java:25)
at com.obsquara.pages.CheckBoxDemoPage.clickCheckBoxDemoElement(CheckBoxDemoPage.java:25)
at com.obsquara.pages.CheckBoxDemoPage.clickCheckBoxDemoElement(CheckBoxDemoPage.java:25)
at com.obsquara.pages.CheckBoxDemoPage.clickCheckBoxDemoElement(CheckBoxDemoPage.java:25)
at com.obsquara.pages.CheckBoxDemoPage.clickCheckBoxDemoElement(CheckBoxDemoPage.java:25)
at com.obsquara.pages.CheckBoxDemoPage.clickCheckBoxDemoElement(CheckBoxDemoPage.java:25)
at com.obsquara.pages.CheckBoxDemoPage.clickCheckBoxDemoElement(CheckBoxDemoPage.java:25)
at com.obsquara.pages.CheckBoxDemoPage.clickCheckBoxDemoElement(CheckBoxDemoPage.java:25)
at com.obsquara.pages.CheckBoxDemoPage.clickCheckBoxDemoElement(CheckBoxDemoPage.java:25)
at com.obsquara.pages.CheckBoxDemoPage.clickCheckBoxDemoElement(CheckBoxDemoPage.java:25)
at com.obsquara.pages.CheckBoxDemoPage.clickCheckBoxDemoElement(CheckBoxDemoPage.java:25)
at com.obsquara.pages.CheckBoxDemoPage.clickCheckBoxDemoElement(CheckBoxDemoPage.java:25)
at com.obsquara.pages.CheckBoxDemoPage.clickCheckBoxDemoElement(CheckBoxDemoPage.java:25)
at com.obsquara.pages.CheckBoxDemoPage.clickCheckBoxDemoElement(CheckBoxDemoPage.java:25)
at com.obsquara.pages.CheckBoxDemoPage.clickCheckBoxDemoElement(CheckBoxDemoPage.java:25)
at com.obsquara.pages.CheckBoxDemoPage.clickCheckBoxDemoElement(CheckBoxDemoPage.java:25)
at com.obsquara.pages.CheckBoxDemoPage.clickCheckBoxDemoElement(CheckBoxDemoPage.java:25)
at com.obsquara.pages.CheckBoxDemoPage.clickCheckBoxDemoElement(CheckBoxDemoPage.java:25)
at com.obsquara.pages.CheckBoxDemoPage.clickCheckBoxDemoElement(CheckBoxDemoPage.java:25)
at com.obsquara.pages.CheckBoxDemoPage.clickCheckBoxDemoElement(CheckBoxDemoPage.java:25)
at com.obsquara.pages.CheckBoxDemoPage.clickCheckBoxDemoElement(CheckBoxDemoPage.java:25)
at com.obsquara.pages.CheckBoxDemoPage.clickCheckBoxDemoElement(CheckBoxDemoPage.java:25)
at com.obsquara.pages.CheckBoxDemoPage.clickCheckBoxDemoElement(CheckBoxDemoPage.java:25)
at com.obsquara.pages.CheckBoxDemoPage.clickCheckBoxDemoElement(CheckBoxDemoPage.java:25)
at com.obsquara.pages.CheckBoxDemoPage.clickCheckBoxDemoElement(CheckBoxDemoPage.java:25)
at com.obsquara.pages.CheckBoxDemoPage.clickCheckBoxDemoElement(CheckBoxDemoPage.java:25)
at com.obsquara.pages.CheckBoxDemoPage.clickCheckBoxDemoElement(CheckBoxDemoPage.java:25)
at com.obsquara.pages.CheckBoxDemoPage.clickCheckBoxDemoElement(CheckBoxDemoPage.java:25)
at com.obsquara.pages.CheckBoxDemoPage.clickCheckBoxDemoElement(CheckBoxDemoPage.java:25)
at com.obsquara.pages.CheckBoxDemoPage.clickCheckBoxDemoElement(CheckBoxDemoPage.java:25)
at com.obsquara.pages.CheckBoxDemoPage.clickCheckBoxDemoElement(CheckBoxDemoPage.java:25)
at com.obsquara.pages.CheckBoxDemoPage.clickCheckBoxDemoElement(CheckBoxDemoPage.java:25)
at com.obsquara.pages.CheckBoxDemoPage.clickCheckBoxDemoElement(CheckBoxDemoPage.java:25)
at com.obsquara.pages.CheckBoxDemoPage.clickCheckBoxDemoElement(CheckBoxDemoPage.java:25)
at com.obsquara.pages.CheckBoxDemoPage.clickCheckBoxDemoElement(CheckBoxDemoPage.java:25)
at com.obsquara.pages.CheckBoxDemoPage.clickCheckBoxDemoElement(CheckBoxDemoPage.java:25)
at com.obsquara.pages.CheckBoxDemoPage.clickCheckBoxDemoElement(CheckBoxDemoPage.java:25)
at com.obsquara.pages.CheckBoxDemoPage.clickCheckBoxDemoElement(CheckBoxDemoPage.java:25)
at com.obsquara.pages.CheckBoxDemoPage.clickCheckBoxDemoElement(CheckBoxDemoPage.java:25)
at com.obsquara.pages.CheckBoxDemoPage.clickCheckBoxDemoElement(CheckBoxDemoPage.java:25)
at com.obsquara.pages.CheckBoxDemoPage.clickCheckBoxDemoElement(CheckBoxDemoPage.java:25)
at com.obsquara.pages.CheckBoxDemoPage.clickCheckBoxDemoElement(CheckBoxDemoPage.java:25)
at com.obsquara.pages.CheckBoxDemoPage.clickCheckBoxDemoElement(CheckBoxDemoPage.java:25)
at com.obsquara.pages.CheckBoxDemoPage.clickCheckBoxDemoElement(CheckBoxDemoPage.java:25)
at com.obsquara.pages.CheckBoxDemoPage.clickCheckBoxDemoElement(CheckBoxDemoPage.java:25)
at com.obsquara.pages.CheckBoxDemoPage.clickCheckBoxDemoElement(CheckBoxDemoPage.java:25)
at com.obsquara.pages.CheckBoxDemoPage.clickCheckBoxDemoElement(CheckBoxDemoPage.java:25)
at com.obsquara.pages.CheckBoxDemoPage.clickCheckBoxDemoElement(CheckBoxDemoPage.java:25)
at com.obsquara.pages.CheckBoxDemoPage.clickCheckBoxDemoElement(CheckBoxDemoPage.java:25)
at com.obsquara.pages.CheckBoxDemoPage.clickCheckBoxDemoElement(CheckBoxDemoPage.java:25)
at com.obsquara.pages.CheckBoxDemoPage.clickCheckBoxDemoElement(CheckBoxDemoPage.java:25)
at com.obsquara.pages.CheckBoxDemoPage.clickCheckBoxDemoElement(CheckBoxDemoPage.java:25)
at com.obsquara.pages.CheckBoxDemoPage.clickCheckBoxDemoElement(CheckBoxDemoPage.java:25)
at com.obsquara.pages.CheckBoxDemoPage.clickCheckBoxDemoElement(CheckBoxDemoPage.java:25)
at com.obsquara.pages.CheckBoxDemoPage.clickCheckBoxDemoElement(CheckBoxDemoPage.java:25)
at com.obsquara.pages.CheckBoxDemoPage.clickCheckBoxDemoElement(CheckBoxDemoPage.java:25)
at com.obsquara.pages.CheckBoxDemoPage.clickCheckBoxDemoElement(CheckBoxDemoPage.java:25)
at com.obsquara.pages.CheckBoxDemoPage.clickCheckBoxDemoElement(CheckBoxDemoPage.java:25)
at com.obsquara.pages.CheckBoxDemoPage.clickCheckBoxDemoElement(CheckBoxDemoPage.java:25)
at com.obsquara.pages.CheckBoxDemoPage.clickCheckBoxDemoElement(CheckBoxDemoPage.java:25)
at com.obsquara.pages.CheckBoxDemoPage.clickCheckBoxDemoElement(CheckBoxDemoPage.java:25)
at com.obsquara.pages.CheckBoxDemoPage.clickCheckBoxDemoElement(CheckBoxDemoPage.java:25)
at com.obsquara.pages.CheckBoxDemoPage.clickCheckBoxDemoElement(CheckBoxDemoPage.java:25)
at com.obsquara.pages.CheckBoxDemoPage.clickCheckBoxDemoElement(CheckBoxDemoPage.java:25)
at com.obsquara.pages.CheckBoxDemoPage.clickCheckBoxDemoElement(CheckBoxDemoPage.java:25)
at com.obsquara.pages.CheckBoxDemoPage.clickCheckBoxDemoElement(CheckBoxDemoPage.java:25)
at com.obsquara.pages.CheckBoxDemoPage.clickCheckBoxDemoElement(CheckBoxDemoPage.java:25)
at com.obsquara.pages.CheckBoxDemoPage.clickCheckBoxDemoElement(CheckBoxDemoPage.java:25)
at com.obsquara.pages.CheckBoxDemoPage.clickCheckBoxDemoElement(CheckBoxDemoPage.java:25)
at com.obsquara.pages.CheckBoxDemoPage.clickCheckBoxDemoElement(CheckBoxDemoPage.java:25)
at com.obsquara.pages.CheckBoxDemoPage.clickCheckBoxDemoElement(CheckBoxDemoPage.java:25)
at com.obsquara.pages.CheckBoxDemoPage.clickCheckBoxDemoElement(CheckBoxDemoPage.java:25)
at com.obsquara.pages.CheckBoxDemoPage.clickCheckBoxDemoElement(CheckBoxDemoPage.java:25)
at com.obsquara.pages.CheckBoxDemoPage.clickCheckBoxDemoElement(CheckBoxDemoPage.java:25)
at com.obsquara.pages.CheckBoxDemoPage.clickCheckBoxDemoElement(CheckBoxDemoPage.java:25)
at com.obsquara.pages.CheckBoxDemoPage.clickCheckBoxDemoElement(CheckBoxDemoPage.java:25)
at com.obsquara.pages.CheckBoxDemoPage.clickCheckBoxDemoElement(CheckBoxDemoPage.java:25)
at com.obsquara.pages.CheckBoxDemoPage.clickCheckBoxDemoElement(CheckBoxDemoPage.java:25)
at com.obsquara.pages.CheckBoxDemoPage.clickCheckBoxDemoElement(CheckBoxDemoPage.java:25)
at com.obsquara.pages.CheckBoxDemoPage.clickCheckBoxDemoElement(CheckBoxDemoPage.java:25)
at com.obsquara.pages.CheckBoxDemoPage.clickCheckBoxDemoElement(CheckBoxDemoPage.java:25)
at com.obsquara.pages.CheckBoxDemoPage.clickCheckBoxDemoElement(CheckBoxDemoPage.java:25)
at com.obsquara.pages.CheckBoxDemoPage.clickCheckBoxDemoElement(CheckBoxDemoPage.java:25)
at com.obsquara.pages.CheckBoxDemoPage.clickCheckBoxDemoElement(CheckBoxDemoPage.java:25)
at com.obsquara.pages.CheckBoxDemoPage.clickCheckBoxDemoElement(CheckBoxDemoPage.java:25)
at com.obsquara.pages.CheckBoxDemoPage.clickCheckBoxDemoElement(CheckBoxDemoPage.java:25)
at com.obsquara.pages.CheckBoxDemoPage.clickCheckBoxDemoElement(CheckBoxDemoPage.java:25)
at com.obsquara.pages.CheckBoxDemoPage.clickCheckBoxDemoElement(CheckBoxDemoPage.java:25)
at com.obsquara.pages.CheckBoxDemoPage.clickCheckBoxDemoElement(CheckBoxDemoPage.java:25)
at com.obsquara.pages.CheckBoxDemoPage.clickCheckBoxDemoElement(CheckBoxDemoPage.java:25)
at com.obsquara.pages.CheckBoxDemoPage.clickCheckBoxDemoElement(CheckBoxDemoPage.java:25)
at com.obsquara.pages.CheckBoxDemoPage.clickCheckBoxDemoElement(CheckBoxDemoPage.java:25)
at com.obsquara.pages.CheckBoxDemoPage.clickCheckBoxDemoElement(CheckBoxDemoPage.java:25)
at com.obsquara.pages.CheckBoxDemoPage.clickCheckBoxDemoElement(CheckBoxDemoPage.java:25)
at com.obsquara.pages.CheckBoxDemoPage.clickCheckBoxDemoElement(CheckBoxDemoPage.java:25)
at com.obsquara.pages.CheckBoxDemoPage.clickCheckBoxDemoElement(CheckBoxDemoPage.java:25)
at com.obsquara.pages.CheckBoxDemoPage.clickCheckBoxDemoElement(CheckBoxDemoPage.java:25)
at com.obsquara.pages.CheckBoxDemoPage.clickCheckBoxDemoElement(CheckBoxDemoPage.java:25)
at com.obsquara.pages.CheckBoxDemoPage.clickCheckBoxDemoElement(CheckBoxDemoPage.java:25)
at com.obsquara.pages.CheckBoxDemoPage.clickCheckBoxDemoElement(CheckBoxDemoPage.java:25)
at com.obsquara.pages.CheckBoxDemoPage.clickCheckBoxDemoElement(CheckBoxDemoPage.java:25)
at com.obsquara.pages.CheckBoxDemoPage.clickCheckBoxDemoElement(CheckBoxDemoPage.java:25)
at com.obsquara.pages.CheckBoxDemoPage.clickCheckBoxDemoElement(CheckBoxDemoPage.java:25)
at com.obsquara.pages.CheckBoxDemoPage.clickCheckBoxDemoElement(CheckBoxDemoPage.java:25)
at com.obsquara.pages.CheckBoxDemoPage.clickCheckBoxDemoElement(CheckBoxDemoPage.java:25)
at com.obsquara.pages.CheckBoxDemoPage.clickCheckBoxDemoElement(CheckBoxDemoPage.java:25)
at com.obsquara.pages.CheckBoxDemoPage.clickCheckBoxDemoElement(CheckBoxDemoPage.java:25)
at com.obsquara.pages.CheckBoxDemoPage.clickCheckBoxDemoElement(CheckBoxDemoPage.java:25)
at com.obsquara.pages.CheckBoxDemoPage.clickCheckBoxDemoElement(CheckBoxDemoPage.java:25)
at com.obsquara.pages.CheckBoxDemoPage.clickCheckBoxDemoElement(CheckBoxDemoPage.java:25)
at com.obsquara.pages.CheckBoxDemoPage.clickCheckBoxDemoElement(CheckBoxDemoPage.java:25)
at com.obsquara.pages.CheckBoxDemoPage.clickCheckBoxDemoElement(CheckBoxDemoPage.java:25)
at com.obsquara.pages.CheckBoxDemoPage.clickCheckBoxDemoElement(CheckBoxDemoPage.java:25)
at com.obsquara.pages.CheckBoxDemoPage.clickCheckBoxDemoElement(CheckBoxDemoPage.java:25)
at com.obsquara.pages.CheckBoxDemoPage.clickCheckBoxDemoElement(CheckBoxDemoPage.java:25)
at com.obsquara.pages.CheckBoxDemoPage.clickCheckBoxDemoElement(CheckBoxDemoPage.java:25)
at com.obsquara.pages.CheckBoxDemoPage.clickCheckBoxDemoElement(CheckBoxDemoPage.java:25)
at com.obsquara.pages.CheckBoxDemoPage.clickCheckBoxDemoElement(CheckBoxDemoPage.java:25)
at com.obsquara.pages.CheckBoxDemoPage.clickCheckBoxDemoElement(CheckBoxDemoPage.java:25)
at com.obsquara.pages.CheckBoxDemoPage.clickCheckBoxDemoElement(CheckBoxDemoPage.java:25)
at com.obsquara.pages.CheckBoxDemoPage.clickCheckBoxDemoElement(CheckBoxDemoPage.java:25)
at com.obsquara.pages.CheckBoxDemoPage.clickCheckBoxDemoElement(CheckBoxDemoPage.java:25)
at com.obsquara.pages.CheckBoxDemoPage.clickCheckBoxDemoElement(CheckBoxDemoPage.java:25)
at com.obsquara.pages.CheckBoxDemoPage.clickCheckBoxDemoElement(CheckBoxDemoPage.java:25)
at com.obsquara.pages.CheckBoxDemoPage.clickCheckBoxDemoElement(CheckBoxDemoPage.java:25)
at com.obsquara.pages.CheckBoxDemoPage.clickCheckBoxDemoElement(CheckBoxDemoPage.java:25)
at com.obsquara.pages.CheckBoxDemoPage.clickCheckBoxDemoElement(CheckBoxDemoPage.java:25)
at com.obsquara.pages.CheckBoxDemoPage.clickCheckBoxDemoElement(CheckBoxDemoPage.java:25)
at com.obsquara.pages.CheckBoxDemoPage.clickCheckBoxDemoElement(CheckBoxDemoPage.java:25)
at com.obsquara.pages.CheckBoxDemoPage.clickCheckBoxDemoElement(CheckBoxDemoPage.java:25)
at com.obsquara.pages.CheckBoxDemoPage.clickCheckBoxDemoElement(CheckBoxDemoPage.java:25)
at com.obsquara.pages.CheckBoxDemoPage.clickCheckBoxDemoElement(CheckBoxDemoPage.java:25)
at com.obsquara.pages.CheckBoxDemoPage.clickCheckBoxDemoElement(CheckBoxDemoPage.java:25)
at com.obsquara.pages.CheckBoxDemoPage.clickCheckBoxDemoElement(CheckBoxDemoPage.java:25)
at com.obsquara.pages.CheckBoxDemoPage.clickCheckBoxDemoElement(CheckBoxDemoPage.java:25)
at com.obsquara.pages.CheckBoxDemoPage.clickCheckBoxDemoElement(CheckBoxDemoPage.java:25)
at com.obsquara.pages.CheckBoxDemoPage.clickCheckBoxDemoElement(CheckBoxDemoPage.java:25)
at com.obsquara.pages.CheckBoxDemoPage.clickCheckBoxDemoElement(CheckBoxDemoPage.java:25)
at com.obsquara.pages.CheckBoxDemoPage.clickCheckBoxDemoElement(CheckBoxDemoPage.java:25)
at com.obsquara.pages.CheckBoxDemoPage.clickCheckBoxDemoElement(CheckBoxDemoPage.java:25)
at com.obsquara.pages.CheckBoxDemoPage.clickCheckBoxDemoElement(CheckBoxDemoPage.java:25)
at com.obsquara.pages.CheckBoxDemoPage.clickCheckBoxDemoElement(CheckBoxDemoPage.java:25)
at com.obsquara.pages.CheckBoxDemoPage.clickCheckBoxDemoElement(CheckBoxDemoPage.java:25)
at com.obsquara.pages.CheckBoxDemoPage.clickCheckBoxDemoElement(CheckBoxDemoPage.java:25)
at com.obsquara.pages.CheckBoxDemoPage.clickCheckBoxDemoElement(CheckBoxDemoPage.java:25)
at com.obsquara.pages.CheckBoxDemoPage.clickCheckBoxDemoElement(CheckBoxDemoPage.java:25)
at com.obsquara.pages.CheckBoxDemoPage.clickCheckBoxDemoElement(CheckBoxDemoPage.java:25)
at com.obsquara.pages.CheckBoxDemoPage.clickCheckBoxDemoElement(CheckBoxDemoPage.java:25)
at com.obsquara.pages.CheckBoxDemoPage.clickCheckBoxDemoElement(CheckBoxDemoPage.java:25)
at com.obsquara.pages.CheckBoxDemoPage.clickCheckBoxDemoElement(CheckBoxDemoPage.java:25)
at com.obsquara.pages.CheckBoxDemoPage.clickCheckBoxDemoElement(CheckBoxDemoPage.java:25)
at com.obsquara.pages.CheckBoxDemoPage.clickCheckBoxDemoElement(CheckBoxDemoPage.java:25)
at com.obsquara.pages.CheckBoxDemoPage.clickCheckBoxDemoElement(CheckBoxDemoPage.java:25)
at com.obsquara.pages.CheckBoxDemoPage.clickCheckBoxDemoElement(CheckBoxDemoPage.java:25)
at com.obsquara.pages.CheckBoxDemoPage.clickCheckBoxDemoElement(CheckBoxDemoPage.java:25)
at com.obsquara.pages.CheckBoxDemoPage.clickCheckBoxDemoElement(CheckBoxDemoPage.java:25)
at com.obsquara.pages.CheckBoxDemoPage.clickCheckBoxDemoElement(CheckBoxDemoPage.java:25)
at com.obsquara.pages.CheckBoxDemoPage.clickCheckBoxDemoElement(CheckBoxDemoPage.java:25)
at com.obsquara.pages.CheckBoxDemoPage.clickCheckBoxDemoElement(CheckBoxDemoPage.java:25)
at com.obsquara.pages.CheckBoxDemoPage.clickCheckBoxDemoElement(CheckBoxDemoPage.java:25)
at com.obsquara.pages.CheckBoxDemoPage.clickCheckBoxDemoElement(CheckBoxDemoPage.java:25)
at com.obsquara.pages.CheckBoxDemoPage.clickCheckBoxDemoElement(CheckBoxDemoPage.java:25)
at com.obsquara.pages.CheckBoxDemoPage.clickCheckBoxDemoElement(CheckBoxDemoPage.java:25)
at com.obsquara.pages.CheckBoxDemoPage.clickCheckBoxDemoElement(CheckBoxDemoPage.java:25)
at com.obsquara.pages.CheckBoxDemoPage.clickCheckBoxDemoElement(CheckBoxDemoPage.java:25)
at com.obsquara.pages.CheckBoxDemoPage.clickCheckBoxDemoElement(CheckBoxDemoPage.java:25)
at com.obsquara.pages.CheckBoxDemoPage.clickCheckBoxDemoElement(CheckBoxDemoPage.java:25)
at com.obsquara.pages.CheckBoxDemoPage.clickCheckBoxDemoElement(CheckBoxDemoPage.java:25)
at com.obsquara.pages.CheckBoxDemoPage.clickCheckBoxDemoElement(CheckBoxDemoPage.java:25)
at com.obsquara.pages.CheckBoxDemoPage.clickCheckBoxDemoElement(CheckBoxDemoPage.java:25)
at com.obsquara.pages.CheckBoxDemoPage.clickCheckBoxDemoElement(CheckBoxDemoPage.java:25)
at com.obsquara.pages.CheckBoxDemoPage.clickCheckBoxDemoElement(CheckBoxDemoPage.java:25)
at com.obsquara.pages.CheckBoxDemoPage.clickCheckBoxDemoElement(CheckBoxDemoPage.java:25)
at com.obsquara.pages.CheckBoxDemoPage.clickCheckBoxDemoElement(CheckBoxDemoPage.java:25)
at com.obsquara.pages.CheckBoxDemoPage.clickCheckBoxDemoElement(CheckBoxDemoPage.java:25)
at com.obsquara.pages.CheckBoxDemoPage.clickCheckBoxDemoElement(CheckBoxDemoPage.java:25)
at com.obsquara.pages.CheckBoxDemoPage.clickCheckBoxDemoElement(CheckBoxDemoPage.java:25)
at com.obsquara.pages.CheckBoxDemoPage.clickCheckBoxDemoElement(CheckBoxDemoPage.java:25)
at com.obsquara.pages.CheckBoxDemoPage.clickCheckBoxDemoElement(CheckBoxDemoPage.java:25)
at com.obsquara.pages.CheckBoxDemoPage.clickCheckBoxDemoElement(CheckBoxDemoPage.java:25)
at com.obsquara.pages.CheckBoxDemoPage.clickCheckBoxDemoElement(CheckBoxDemoPage.java:25)
at com.obsquara.pages.CheckBoxDemoPage.clickCheckBoxDemoElement(CheckBoxDemoPage.java:25)
at com.obsquara.pages.CheckBoxDemoPage.clickCheckBoxDemoElement(CheckBoxDemoPage.java:25)
at com.obsquara.pages.CheckBoxDemoPage.clickCheckBoxDemoElement(CheckBoxDemoPage.java:25)
at com.obsquara.pages.CheckBoxDemoPage.clickCheckBoxDemoElement(CheckBoxDemoPage.java:25)
at com.obsquara.pages.CheckBoxDemoPage.clickCheckBoxDemoElement(CheckBoxDemoPage.java:25)
at com.obsquara.pages.CheckBoxDemoPage.clickCheckBoxDemoElement(CheckBoxDemoPage.java:25)
at com.obsquara.pages.CheckBoxDemoPage.clickCheckBoxDemoElement(CheckBoxDemoPage.java:25)
at com.obsquara.pages.CheckBoxDemoPage.clickCheckBoxDemoElement(CheckBoxDemoPage.java:25)
at com.obsquara.pages.CheckBoxDemoPage.clickCheckBoxDemoElement(CheckBoxDemoPage.java:25)
at com.obsquara.pages.CheckBoxDemoPage.clickCheckBoxDemoElement(CheckBoxDemoPage.java:25)
at com.obsquara.pages.CheckBoxDemoPage.clickCheckBoxDemoElement(CheckBoxDemoPage.java:25)
at com.obsquara.pages.CheckBoxDemoPage.clickCheckBoxDemoElement(CheckBoxDemoPage.java:25)
at com.obsquara.pages.CheckBoxDemoPage.clickCheckBoxDemoElement(CheckBoxDemoPage.java:25)
at com.obsquara.pages.CheckBoxDemoPage.clickCheckBoxDemoElement(CheckBoxDemoPage.java:25)
at com.obsquara.pages.CheckBoxDemoPage.clickCheckBoxDemoElement(CheckBoxDemoPage.java:25)
at com.obsquara.pages.CheckBoxDemoPage.clickCheckBoxDemoElement(CheckBoxDemoPage.java:25)
at com.obsquara.pages.CheckBoxDemoPage.clickCheckBoxDemoElement(CheckBoxDemoPage.java:25)
at com.obsquara.pages.CheckBoxDemoPage.clickCheckBoxDemoElement(CheckBoxDemoPage.java:25)
at com.obsquara.pages.CheckBoxDemoPage.clickCheckBoxDemoElement(CheckBoxDemoPage.java:25)
at com.obsquara.pages.CheckBoxDemoPage.clickCheckBoxDemoElement(CheckBoxDemoPage.java:25)
at com.obsquara.pages.CheckBoxDemoPage.clickCheckBoxDemoElement(CheckBoxDemoPage.java:25)
at com.obsquara.pages.CheckBoxDemoPage.clickCheckBoxDemoElement(CheckBoxDemoPage.java:25)
at com.obsquara.pages.CheckBoxDemoPage.clickCheckBoxDemoElement(CheckBoxDemoPage.java:25)
at com.obsquara.pages.CheckBoxDemoPage.clickCheckBoxDemoElement(CheckBoxDemoPage.java:25)
at com.obsquara.pages.CheckBoxDemoPage.clickCheckBoxDemoElement(CheckBoxDemoPage.java:25)
at com.obsquara.pages.CheckBoxDemoPage.clickCheckBoxDemoElement(CheckBoxDemoPage.java:25)
at com.obsquara.pages.CheckBoxDemoPage.clickCheckBoxDemoElement(CheckBoxDemoPage.java:25)
at com.obsquara.pages.CheckBoxDemoPage.clickCheckBoxDemoElement(CheckBoxDemoPage.java:25)
at com.obsquara.pages.CheckBoxDemoPage.clickCheckBoxDemoElement(CheckBoxDemoPage.java:25)
at com.obsquara.pages.CheckBoxDemoPage.clickCheckBoxDemoElement(CheckBoxDemoPage.java:25)
at com.obsquara.pages.CheckBoxDemoPage.clickCheckBoxDemoElement(CheckBoxDemoPage.java:25)
at com.obsquara.pages.CheckBoxDemoPage.clickCheckBoxDemoElement(CheckBoxDemoPage.java:25)
at com.obsquara.pages.CheckBoxDemoPage.clickCheckBoxDemoElement(CheckBoxDemoPage.java:25)
at com.obsquara.pages.CheckBoxDemoPage.clickCheckBoxDemoElement(CheckBoxDemoPage.java:25)
at com.obsquara.pages.CheckBoxDemoPage.clickCheckBoxDemoElement(CheckBoxDemoPage.java:25)
at com.obsquara.pages.CheckBoxDemoPage.clickCheckBoxDemoElement(CheckBoxDemoPage.java:25)
at com.obsquara.pages.CheckBoxDemoPage.clickCheckBoxDemoElement(CheckBoxDemoPage.java:25)
at com.obsquara.pages.CheckBoxDemoPage.clickCheckBoxDemoElement(CheckBoxDemoPage.java:25)
at com.obsquara.pages.CheckBoxDemoPage.clickCheckBoxDemoElement(CheckBoxDemoPage.java:25)
at com.obsquara.pages.CheckBoxDemoPage.clickCheckBoxDemoElement(CheckBoxDemoPage.java:25)
at com.obsquara.pages.CheckBoxDemoPage.clickCheckBoxDemoElement(CheckBoxDemoPage.java:25)
at com.obsquara.pages.CheckBoxDemoPage.clickCheckBoxDemoElement(CheckBoxDemoPage.java:25)
at com.obsquara.pages.CheckBoxDemoPage.clickCheckBoxDemoElement(CheckBoxDemoPage.java:25)
at com.obsquara.pages.CheckBoxDemoPage.clickCheckBoxDemoElement(CheckBoxDemoPage.java:25)
at com.obsquara.pages.CheckBoxDemoPage.clickCheckBoxDemoElement(CheckBoxDemoPage.java:25)
at com.obsquara.pages.CheckBoxDemoPage.clickCheckBoxDemoElement(CheckBoxDemoPage.java:25)
at com.obsquara.pages.CheckBoxDemoPage.clickCheckBoxDemoElement(CheckBoxDemoPage.java:25)
at com.obsquara.pages.CheckBoxDemoPage.clickCheckBoxDemoElement(CheckBoxDemoPage.java:25)
at com.obsquara.pages.CheckBoxDemoPage.clickCheckBoxDemoElement(CheckBoxDemoPage.java:25)
at com.obsquara.pages.CheckBoxDemoPage.clickCheckBoxDemoElement(CheckBoxDemoPage.java:25)
at com.obsquara.pages.CheckBoxDemoPage.clickCheckBoxDemoElement(CheckBoxDemoPage.java:25)
at com.obsquara.pages.CheckBoxDemoPage.clickCheckBoxDemoElement(CheckBoxDemoPage.java:25)
at com.obsquara.pages.CheckBoxDemoPage.clickCheckBoxDemoElement(CheckBoxDemoPage.java:25)
at com.obsquara.pages.CheckBoxDemoPage.clickCheckBoxDemoElement(CheckBoxDemoPage.java:25)
at com.obsquara.pages.CheckBoxDemoPage.clickCheckBoxDemoElement(CheckBoxDemoPage.java:25)
at com.obsquara.pages.CheckBoxDemoPage.clickCheckBoxDemoElement(CheckBoxDemoPage.java:25)
at com.obsquara.pages.CheckBoxDemoPage.clickCheckBoxDemoElement(CheckBoxDemoPage.java:25)
at com.obsquara.pages.CheckBoxDemoPage.clickCheckBoxDemoElement(CheckBoxDemoPage.java:25)
at com.obsquara.pages.CheckBoxDemoPage.clickCheckBoxDemoElement(CheckBoxDemoPage.java:25)
at com.obsquara.pages.CheckBoxDemoPage.clickCheckBoxDemoElement(CheckBoxDemoPage.java:25)
at com.obsquara.pages.CheckBoxDemoPage.clickCheckBoxDemoElement(CheckBoxDemoPage.java:25)
at com.obsquara.pages.CheckBoxDemoPage.clickCheckBoxDemoElement(CheckBoxDemoPage.java:25)
at com.obsquara.pages.CheckBoxDemoPage.clickCheckBoxDemoElement(CheckBoxDemoPage.java:25)
at com.obsquara.pages.CheckBoxDemoPage.clickCheckBoxDemoElement(CheckBoxDemoPage.java:25)
at com.obsquara.pages.CheckBoxDemoPage.clickCheckBoxDemoElement(CheckBoxDemoPage.java:25)
at com.obsquara.pages.CheckBoxDemoPage.clickCheckBoxDemoElement(CheckBoxDemoPage.java:25)
at com.obsquara.pages.CheckBoxDemoPage.clickCheckBoxDemoElement(CheckBoxDemoPage.java:25)
at com.obsquara.pages.CheckBoxDemoPage.clickCheckBoxDemoElement(CheckBoxDemoPage.java:25)
at com.obsquara.pages.CheckBoxDemoPage.clickCheckBoxDemoElement(CheckBoxDemoPage.java:25)
at com.obsquara.pages.CheckBoxDemoPage.clickCheckBoxDemoElement(CheckBoxDemoPage.java:25)
at com.obsquara.pages.CheckBoxDemoPage.clickCheckBoxDemoElement(CheckBoxDemoPage.java:25)
at com.obsquara.pages.CheckBoxDemoPage.clickCheckBoxDemoElement(CheckBoxDemoPage.java:25)
at com.obsquara.pages.CheckBoxDemoPage.clickCheckBoxDemoElement(CheckBoxDemoPage.java:25)
at com.obsquara.pages.CheckBoxDemoPage.clickCheckBoxDemoElement(CheckBoxDemoPage.java:25)
at com.obsquara.pages.CheckBoxDemoPage.clickCheckBoxDemoElement(CheckBoxDemoPage.java:25)
at com.obsquara.pages.CheckBoxDemoPage.clickCheckBoxDemoElement(CheckBoxDemoPage.java:25)
at com.obsquara.pages.CheckBoxDemoPage.clickCheckBoxDemoElement(CheckBoxDemoPage.java:25)
at com.obsquara.pages.CheckBoxDemoPage.clickCheckBoxDemoElement(CheckBoxDemoPage.java:25)
at com.obsquara.pages.CheckBoxDemoPage.clickCheckBoxDemoElement(CheckBoxDemoPage.java:25)
at com.obsquara.pages.CheckBoxDemoPage.clickCheckBoxDemoElement(CheckBoxDemoPage.java:25)
at com.obsquara.pages.CheckBoxDemoPage.clickCheckBoxDemoElement(CheckBoxDemoPage.java:25)
at com.obsquara.pages.CheckBoxDemoPage.clickCheckBoxDemoElement(CheckBoxDemoPage.java:25)
at com.obsquara.pages.CheckBoxDemoPage.clickCheckBoxDemoElement(CheckBoxDemoPage.java:25)
at com.obsquara.pages.CheckBoxDemoPage.clickCheckBoxDemoElement(CheckBoxDemoPage.java:25)
at com.obsquara.pages.CheckBoxDemoPage.clickCheckBoxDemoElement(CheckBoxDemoPage.java:25)
at com.obsquara.pages.CheckBoxDemoPage.clickCheckBoxDemoElement(CheckBoxDemoPage.java:25)
at com.obsquara.pages.CheckBoxDemoPage.clickCheckBoxDemoElement(CheckBoxDemoPage.java:25)
at com.obsquara.pages.CheckBoxDemoPage.clickCheckBoxDemoElement(CheckBoxDemoPage.java:25)
at com.obsquara.pages.CheckBoxDemoPage.clickCheckBoxDemoElement(CheckBoxDemoPage.java:25)
at com.obsquara.pages.CheckBoxDemoPage.clickCheckBoxDemoElement(CheckBoxDemoPage.java:25)
at com.obsquara.pages.CheckBoxDemoPage.clickCheckBoxDemoElement(CheckBoxDemoPage.java:25)
at com.obsquara.pages.CheckBoxDemoPage.clickCheckBoxDemoElement(CheckBoxDemoPage.java:25)
at com.obsquara.pages.CheckBoxDemoPage.clickCheckBoxDemoElement(CheckBoxDemoPage.java:25)
at com.obsquara.pages.CheckBoxDemoPage.clickCheckBoxDemoElement(CheckBoxDemoPage.java:25)
at com.obsquara.pages.CheckBoxDemoPage.clickCheckBoxDemoElement(CheckBoxDemoPage.java:25)
at com.obsquara.pages.CheckBoxDemoPage.clickCheckBoxDemoElement(CheckBoxDemoPage.java:25)
at com.obsquara.pages.CheckBoxDemoPage.clickCheckBoxDemoElement(CheckBoxDemoPage.java:25)
at com.obsquara.pages.CheckBoxDemoPage.clickCheckBoxDemoElement(CheckBoxDemoPage.java:25)
at com.obsquara.pages.CheckBoxDemoPage.clickCheckBoxDemoElement(CheckBoxDemoPage.java:25)
at com.obsquara.pages.CheckBoxDemoPage.clickCheckBoxDemoElement(CheckBoxDemoPage.java:25)
at com.obsquara.pages.CheckBoxDemoPage.clickCheckBoxDemoElement(CheckBoxDemoPage.java:25)
at com.obsquara.pages.CheckBoxDemoPage.clickCheckBoxDemoElement(CheckBoxDemoPage.java:25)
at com.obsquara.pages.CheckBoxDemoPage.clickCheckBoxDemoElement(CheckBoxDemoPage.java:25)
at com.obsquara.pages.CheckBoxDemoPage.clickCheckBoxDemoElement(CheckBoxDemoPage.java:25)
at com.obsquara.pages.CheckBoxDemoPage.clickCheckBoxDemoElement(CheckBoxDemoPage.java:25)
at com.obsquara.pages.CheckBoxDemoPage.clickCheckBoxDemoElement(CheckBoxDemoPage.java:25)
at com.obsquara.pages.CheckBoxDemoPage.clickCheckBoxDemoElement(CheckBoxDemoPage.java:25)
at com.obsquara.pages.CheckBoxDemoPage.clickCheckBoxDemoElement(CheckBoxDemoPage.java:25)
at com.obsquara.pages.CheckBoxDemoPage.clickCheckBoxDemoElement(CheckBoxDemoPage.java:25)
at com.obsquara.pages.CheckBoxDemoPage.clickCheckBoxDemoElement(CheckBoxDemoPage.java:25)
at com.obsquara.pages.CheckBoxDemoPage.clickCheckBoxDemoElement(CheckBoxDemoPage.java:25)
at com.obsquara.pages.CheckBoxDemoPage.clickCheckBoxDemoElement(CheckBoxDemoPage.java:25)
at com.obsquara.pages.CheckBoxDemoPage.clickCheckBoxDemoElement(CheckBoxDemoPage.java:25)
at com.obsquara.pages.CheckBoxDemoPage.clickCheckBoxDemoElement(CheckBoxDemoPage.java:25)
at com.obsquara.pages.CheckBoxDemoPage.clickCheckBoxDemoElement(CheckBoxDemoPage.java:25)
at com.obsquara.pages.CheckBoxDemoPage.clickCheckBoxDemoElement(CheckBoxDemoPage.java:25)
at com.obsquara.pages.CheckBoxDemoPage.clickCheckBoxDemoElement(CheckBoxDemoPage.java:25)
at com.obsquara.pages.CheckBoxDemoPage.clickCheckBoxDemoElement(CheckBoxDemoPage.java:25)
at com.obsquara.pages.CheckBoxDemoPage.clickCheckBoxDemoElement(CheckBoxDemoPage.java:25)
at com.obsquara.pages.CheckBoxDemoPage.clickCheckBoxDemoElement(CheckBoxDemoPage.java:25)
at com.obsquara.pages.CheckBoxDemoPage.clickCheckBoxDemoElement(CheckBoxDemoPage.java:25)
at com.obsquara.pages.CheckBoxDemoPage.clickCheckBoxDemoElement(CheckBoxDemoPage.java:25)
at com.obsquara.pages.CheckBoxDemoPage.clickCheckBoxDemoElement(CheckBoxDemoPage.java:25)
at com.obsquara.pages.CheckBoxDemoPage.clickCheckBoxDemoElement(CheckBoxDemoPage.java:25)
at com.obsquara.pages.CheckBoxDemoPage.clickCheckBoxDemoElement(CheckBoxDemoPage.java:25)
at com.obsquara.pages.CheckBoxDemoPage.clickCheckBoxDemoElement(CheckBoxDemoPage.java:25)
at com.obsquara.pages.CheckBoxDemoPage.clickCheckBoxDemoElement(CheckBoxDemoPage.java:25)
at com.obsquara.pages.CheckBoxDemoPage.clickCheckBoxDemoElement(CheckBoxDemoPage.java:25)
at com.obsquara.pages.CheckBoxDemoPage.clickCheckBoxDemoElement(CheckBoxDemoPage.java:25)
at com.obsquara.pages.CheckBoxDemoPage.clickCheckBoxDemoElement(CheckBoxDemoPage.java:25)
at com.obsquara.pages.CheckBoxDemoPage.clickCheckBoxDemoElement(CheckBoxDemoPage.java:25)
at com.obsquara.pages.CheckBoxDemoPage.clickCheckBoxDemoElement(CheckBoxDemoPage.java:25)
at com.obsquara.pages.CheckBoxDemoPage.clickCheckBoxDemoElement(CheckBoxDemoPage.java:25)
at com.obsquara.pages.CheckBoxDemoPage.clickCheckBoxDemoElement(CheckBoxDemoPage.java:25)
at com.obsquara.pages.CheckBoxDemoPage.clickCheckBoxDemoElement(CheckBoxDemoPage.java:25)
at com.obsquara.pages.CheckBoxDemoPage.clickCheckBoxDemoElement(CheckBoxDemoPage.java:25)
at com.obsquara.pages.CheckBoxDemoPage.clickCheckBoxDemoElement(CheckBoxDemoPage.java:25)
at com.obsquara.pages.CheckBoxDemoPage.clickCheckBoxDemoElement(CheckBoxDemoPage.java:25)
at com.obsquara.pages.CheckBoxDemoPage.clickCheckBoxDemoElement(CheckBoxDemoPage.java:25)
at com.obsquara.pages.CheckBoxDemoPage.clickCheckBoxDemoElement(CheckBoxDemoPage.java:25)
at com.obsquara.pages.CheckBoxDemoPage.clickCheckBoxDemoElement(CheckBoxDemoPage.java:25)
at com.obsquara.pages.CheckBoxDemoPage.clickCheckBoxDemoElement(CheckBoxDemoPage.java:25)
at com.obsquara.pages.CheckBoxDemoPage.clickCheckBoxDemoElement(CheckBoxDemoPage.java:25)
]]>
    </error>
  </testcase> <!-- verifyCheckBoxDemo -->
  <system-out/>
</testsuite> <!-- com.obsquara.testscripts.CheckBoxTest -->
