<?xml version="1.0" encoding="UTF-8"?>
<!-- Generated by org.testng.reporters.JUnitReportReporter -->
<testsuite hostname="DESKTOP-5874SPL" failures="0" tests="1" name="com.obsquara.testscripts.DragAndDropTest" time="4.752" errors="0" timestamp="2023-03-28T00:54:58 IST" skipped="0">
  <testcase classname="com.obsquara.testscripts.DragAndDropTest" name="verifyDragAndDrop" time="4.752"/>
  <system-out/>
</testsuite> <!-- com.obsquara.testscripts.DragAndDropTest -->
