<?xml version="1.0" encoding="UTF-8"?>
<!-- Generated by org.testng.reporters.JUnitReportReporter -->
<testsuite hostname="DESKTOP-5874SPL" failures="0" tests="1" name="com.obsquara.testscripts.CheckBoxDemoPageFactoryTest" time="4.545" errors="0" timestamp="2023-03-28T23:59:22 IST" skipped="0">
  <testcase classname="com.obsquara.testscripts.CheckBoxDemoPageFactoryTest" name="verifyCheckBoxDemo" time="4.545"/>
  <system-out/>
</testsuite> <!-- com.obsquara.testscripts.CheckBoxDemoPageFactoryTest -->
