<?xml version="1.0" encoding="UTF-8"?>
<!-- Generated by org.testng.reporters.JUnitReportReporter -->
<testsuite hostname="DESKTOP-5874SPL" failures="0" tests="1" name="com.obsquara.testscripts.CheckBoxDemoTest" time="4.374" errors="0" timestamp="2023-03-15T00:37:52 IST" skipped="0">
  <testcase classname="com.obsquara.testscripts.CheckBoxDemoTest" name="verifyCheckBoxDemo" time="4.374"/>
  <system-out/>
</testsuite> <!-- com.obsquara.testscripts.CheckBoxDemoTest -->
