<?xml version="1.0" encoding="UTF-8"?>
<!-- Generated by org.testng.reporters.JUnitReportReporter -->
<testsuite hostname="DESKTOP-5874SPL" failures="0" tests="2" name="com.obsquara.testscripts.RadioButtonDemoTest" time="6.798" errors="0" timestamp="2023-04-04T07:12:05 IST" skipped="0">
  <testcase classname="com.obsquara.testscripts.RadioButtonDemoTest" name="verifyGroupRadioButtonsDemoGender" time="3.036"/>
  <system-out/>
  <testcase classname="com.obsquara.testscripts.RadioButtonDemoTest" name="verifyMaleRadioButton" time="3.762"/>
  <system-out/>
</testsuite> <!-- com.obsquara.testscripts.RadioButtonDemoTest -->
