<?xml version="1.0" encoding="UTF-8"?>
<!-- Generated by org.testng.reporters.JUnitReportReporter -->
<testsuite hostname="DESKTOP-5874SPL" failures="0" tests="1" name="com.obsquara.testscripts.SimpleInputFormDemoTest" time="4.083" errors="0" timestamp="2023-03-14T23:26:15 IST" skipped="0">
  <testcase classname="com.obsquara.testscripts.SimpleInputFormDemoTest" name="verifySingleInputField" time="4.083"/>
  <system-out/>
</testsuite> <!-- com.obsquara.testscripts.SimpleInputFormDemoTest -->
