<?xml version="1.0" encoding="UTF-8"?>
<!-- Generated by org.testng.reporters.JUnitReportReporter -->
<testsuite hostname="DESKTOP-5874SPL" failures="0" tests="1" name="com.obsquara.testscripts.RadioButtonDemoTest" time="40.922" errors="0" timestamp="2023-03-15T00:44:16 IST" skipped="0">
  <testcase classname="com.obsquara.testscripts.RadioButtonDemoTest" name="verifyFemaleRadioButton" time="40.922"/>
  <system-out/>
</testsuite> <!-- com.obsquara.testscripts.RadioButtonDemoTest -->
