<?xml version="1.0" encoding="UTF-8"?>
<!-- Generated by org.testng.reporters.JUnitReportReporter -->
<testsuite hostname="DESKTOP-5874SPL" failures="0" tests="3" name="com.obsquara.testscripts.CheckBoxDemoTest" time="11.066" errors="0" timestamp="2023-03-22T07:48:16 IST" skipped="0">
  <testcase classname="com.obsquara.testscripts.CheckBoxDemoTest" name="verifyUnselectAllButton" time="4.040"/>
  <system-out/>
  <testcase classname="com.obsquara.testscripts.CheckBoxDemoTest" name="verifySelectMultipleCheckBoxDemo" time="3.283"/>
  <system-out/>
  <testcase classname="com.obsquara.testscripts.CheckBoxDemoTest" name="verifyCheckBoxDemo" time="3.743"/>
  <system-out/>
</testsuite> <!-- com.obsquara.testscripts.CheckBoxDemoTest -->
