<?xml version="1.0" encoding="UTF-8"?>
<!-- Generated by org.testng.reporters.JUnitReportReporter -->
<testsuite hostname="DESKTOP-5874SPL" failures="0" tests="3" name="com.obsquara.testscripts.SelectInputTest" time="10.069" errors="0" timestamp="2023-04-04T07:14:50 IST" skipped="0">
  <testcase classname="com.obsquara.testscripts.SelectInputTest" name="multipleSelectionInputValue" time="2.920"/>
  <system-out/>
  <testcase classname="com.obsquara.testscripts.SelectInputTest" name="verifySelectInputField" time="3.377"/>
  <system-out/>
  <testcase classname="com.obsquara.testscripts.SelectInputTest" name="multipleSelectionInputIndex" time="3.772"/>
  <system-out/>
</testsuite> <!-- com.obsquara.testscripts.SelectInputTest -->
