<?xml version="1.0" encoding="UTF-8"?>
<!-- Generated by org.testng.reporters.JUnitReportReporter -->
<testsuite hostname="DESKTOP-5874SPL" failures="0" tests="1" name="com.obsquara.testscripts.SingleInputFormPageFactoryTest" time="3.464" errors="0" timestamp="2023-03-29T01:14:13 IST" skipped="0">
  <testcase classname="com.obsquara.testscripts.SingleInputFormPageFactoryTest" name="verifyTwoInputField" time="3.464"/>
  <system-out/>
</testsuite> <!-- com.obsquara.testscripts.SingleInputFormPageFactoryTest -->
