<?xml version="1.0" encoding="UTF-8"?>
<!-- Generated by org.testng.reporters.JUnitReportReporter -->
<testsuite hostname="DESKTOP-5874SPL" failures="0" tests="1" name="com.obsquara.testscripts.SimpleInputFormDemoTest" time="3.757" errors="0" timestamp="2023-04-04T07:22:19 IST" skipped="0">
  <testcase classname="com.obsquara.testscripts.SimpleInputFormDemoTest" name="verifySingleInputField" time="3.757"/>
  <system-out/>
</testsuite> <!-- com.obsquara.testscripts.SimpleInputFormDemoTest -->
